mode: set
github.com/talkincode/toughradius/v9/internal/radiusd/cache/ttl_cache.go:22.73,23.21 1 1
github.com/talkincode/toughradius/v9/internal/radiusd/cache/ttl_cache.go:23.21,25.3 1 0
github.com/talkincode/toughradius/v9/internal/radiusd/cache/ttl_cache.go:26.2,30.3 1 1
github.com/talkincode/toughradius/v9/internal/radiusd/cache/ttl_cache.go:34.49,38.9 4 1
github.com/talkincode/toughradius/v9/internal/radiusd/cache/ttl_cache.go:38.9,41.3 2 1
github.com/talkincode/toughradius/v9/internal/radiusd/cache/ttl_cache.go:42.2,42.33 1 1
github.com/talkincode/toughradius/v9/internal/radiusd/cache/ttl_cache.go:42.33,48.3 5 1
github.com/talkincode/toughradius/v9/internal/radiusd/cache/ttl_cache.go:49.2,49.22 1 1
github.com/talkincode/toughradius/v9/internal/radiusd/cache/ttl_cache.go:53.48,59.32 3 1
github.com/talkincode/toughradius/v9/internal/radiusd/cache/ttl_cache.go:59.32,61.33 2 1
github.com/talkincode/toughradius/v9/internal/radiusd/cache/ttl_cache.go:61.33,62.26 1 1
github.com/talkincode/toughradius/v9/internal/radiusd/cache/ttl_cache.go:62.26,64.10 2 1
github.com/talkincode/toughradius/v9/internal/radiusd/cache/ttl_cache.go:68.2,68.15 1 1
github.com/talkincode/toughradius/v9/internal/radiusd/cache/ttl_cache.go:71.44,73.27 2 1
github.com/talkincode/toughradius/v9/internal/radiusd/cache/ttl_cache.go:73.27,74.27 1 1
github.com/talkincode/toughradius/v9/internal/radiusd/cache/ttl_cache.go:74.27,76.4 1 0
github.com/talkincode/toughradius/v9/internal/radiusd/cache/ttl_cache.go:81.42,85.2 3 1
github.com/talkincode/toughradius/v9/internal/radiusd/cache/ttl_cache.go:88.31,92.2 3 1
github.com/talkincode/toughradius/v9/internal/radiusd/vendors/registry.go:28.42,32.2 1 1
github.com/talkincode/toughradius/v9/internal/radiusd/vendors/registry.go:35.59,39.54 3 1
github.com/talkincode/toughradius/v9/internal/radiusd/vendors/registry.go:39.54,41.22 1 1
github.com/talkincode/toughradius/v9/internal/radiusd/vendors/registry.go:41.22,43.4 1 1
github.com/talkincode/toughradius/v9/internal/radiusd/vendors/registry.go:44.3,44.29 1 1
github.com/talkincode/toughradius/v9/internal/radiusd/vendors/registry.go:44.29,46.4 1 0
github.com/talkincode/toughradius/v9/internal/radiusd/vendors/registry.go:47.3,47.25 1 1
github.com/talkincode/toughradius/v9/internal/radiusd/vendors/registry.go:47.25,49.4 1 0
github.com/talkincode/toughradius/v9/internal/radiusd/vendors/registry.go:50.3,50.26 1 1
github.com/talkincode/toughradius/v9/internal/radiusd/vendors/registry.go:50.26,52.4 1 0
github.com/talkincode/toughradius/v9/internal/radiusd/vendors/registry.go:53.3,53.13 1 1
github.com/talkincode/toughradius/v9/internal/radiusd/vendors/registry.go:56.2,57.12 2 1
github.com/talkincode/toughradius/v9/internal/radiusd/vendors/registry.go:61.63,67.2 4 1
github.com/talkincode/toughradius/v9/internal/radiusd/vendors/registry.go:70.47,75.33 4 1
github.com/talkincode/toughradius/v9/internal/radiusd/vendors/registry.go:75.33,77.3 1 1
github.com/talkincode/toughradius/v9/internal/radiusd/vendors/registry.go:80.2,80.39 1 1
github.com/talkincode/toughradius/v9/internal/radiusd/vendors/registry.go:80.39,82.3 1 1
github.com/talkincode/toughradius/v9/internal/radiusd/vendors/registry.go:84.2,84.13 1 1
github.com/talkincode/toughradius/v9/internal/radiusd/vendors/registry.go:90.39,92.2 1 1
github.com/talkincode/toughradius/v9/internal/radiusd/vendors/registry.go:95.43,97.2 1 1
github.com/talkincode/toughradius/v9/internal/radiusd/vendors/registry.go:100.27,102.2 1 1
github.com/talkincode/toughradius/v9/internal/radiusd/vendors/registry.go:105.28,107.2 1 1
github.com/talkincode/toughradius/v9/internal/radiusd/plugins/vendorparsers/parsers/default_parser.go:14.45,16.2 1 1
github.com/talkincode/toughradius/v9/internal/radiusd/plugins/vendorparsers/parsers/default_parser.go:18.45,20.2 1 1
github.com/talkincode/toughradius/v9/internal/radiusd/plugins/vendorparsers/parsers/default_parser.go:22.88,27.18 3 1
github.com/talkincode/toughradius/v9/internal/radiusd/plugins/vendorparsers/parsers/default_parser.go:27.18,29.3 1 1
github.com/talkincode/toughradius/v9/internal/radiusd/plugins/vendorparsers/parsers/default_parser.go:32.2,35.16 3 1
github.com/talkincode/toughradius/v9/internal/radiusd/plugins/vendorparsers/parsers/h3c_parser.go:18.41,20.2 1 1
github.com/talkincode/toughradius/v9/internal/radiusd/plugins/vendorparsers/parsers/h3c_parser.go:22.41,24.2 1 1
github.com/talkincode/toughradius/v9/internal/radiusd/plugins/vendorparsers/parsers/h3c_parser.go:26.84,31.16 3 1
github.com/talkincode/toughradius/v9/internal/radiusd/plugins/vendorparsers/parsers/h3c_parser.go:31.16,33.19 2 1
github.com/talkincode/toughradius/v9/internal/radiusd/plugins/vendorparsers/parsers/h3c_parser.go:33.19,35.4 1 1
github.com/talkincode/toughradius/v9/internal/radiusd/plugins/vendorparsers/parsers/h3c_parser.go:35.9,37.4 1 1
github.com/talkincode/toughradius/v9/internal/radiusd/plugins/vendorparsers/parsers/h3c_parser.go:38.8,41.19 2 1
github.com/talkincode/toughradius/v9/internal/radiusd/plugins/vendorparsers/parsers/h3c_parser.go:41.19,43.4 1 1
github.com/talkincode/toughradius/v9/internal/radiusd/plugins/vendorparsers/parsers/h3c_parser.go:43.9,45.4 1 1
github.com/talkincode/toughradius/v9/internal/radiusd/plugins/vendorparsers/parsers/h3c_parser.go:49.2,50.21 2 1
github.com/talkincode/toughradius/v9/internal/radiusd/plugins/vendorparsers/parsers/h3c_parser.go:50.21,53.3 2 1
github.com/talkincode/toughradius/v9/internal/radiusd/plugins/vendorparsers/parsers/h3c_parser.go:55.2,55.16 1 1
github.com/talkincode/toughradius/v9/internal/radiusd/plugins/vendorparsers/parsers/huawei_parser.go:15.44,17.2 1 1
github.com/talkincode/toughradius/v9/internal/radiusd/plugins/vendorparsers/parsers/huawei_parser.go:19.44,21.2 1 1
github.com/talkincode/toughradius/v9/internal/radiusd/plugins/vendorparsers/parsers/huawei_parser.go:23.87,28.18 3 1
github.com/talkincode/toughradius/v9/internal/radiusd/plugins/vendorparsers/parsers/huawei_parser.go:28.18,30.3 1 1
github.com/talkincode/toughradius/v9/internal/radiusd/plugins/vendorparsers/parsers/huawei_parser.go:34.2,37.16 3 1
github.com/talkincode/toughradius/v9/internal/radiusd/plugins/vendorparsers/parsers/init.go:8.13,37.2 4 1
github.com/talkincode/toughradius/v9/internal/radiusd/plugins/vendorparsers/parsers/zte_parser.go:17.41,19.2 1 1
github.com/talkincode/toughradius/v9/internal/radiusd/plugins/vendorparsers/parsers/zte_parser.go:21.41,23.2 1 1
github.com/talkincode/toughradius/v9/internal/radiusd/plugins/vendorparsers/parsers/zte_parser.go:25.84,30.18 3 1
github.com/talkincode/toughradius/v9/internal/radiusd/plugins/vendorparsers/parsers/zte_parser.go:30.18,31.24 1 1
github.com/talkincode/toughradius/v9/internal/radiusd/plugins/vendorparsers/parsers/zte_parser.go:31.24,36.4 1 1
github.com/talkincode/toughradius/v9/internal/radiusd/plugins/vendorparsers/parsers/zte_parser.go:36.9,40.4 1 1
github.com/talkincode/toughradius/v9/internal/radiusd/plugins/vendorparsers/parsers/zte_parser.go:41.8,43.3 1 1
github.com/talkincode/toughradius/v9/internal/radiusd/plugins/vendorparsers/parsers/zte_parser.go:46.2,47.21 2 1
github.com/talkincode/toughradius/v9/internal/radiusd/plugins/vendorparsers/parsers/zte_parser.go:47.21,50.3 2 1
github.com/talkincode/toughradius/v9/internal/radiusd/plugins/vendorparsers/parsers/zte_parser.go:52.2,52.16 1 1
github.com/talkincode/toughradius/v9/internal/radiusd/errors/errors.go:16.36,18.2 1 1
github.com/talkincode/toughradius/v9/internal/radiusd/errors/errors.go:22.61,27.2 1 1
github.com/talkincode/toughradius/v9/internal/radiusd/errors/errors.go:30.34,33.2 2 1
github.com/talkincode/toughradius/v9/internal/radiusd/errors/errors.go:36.49,39.2 2 1
github.com/talkincode/toughradius/v9/internal/radiusd/errors/errors.go:43.36,45.2 1 1
github.com/talkincode/toughradius/v9/internal/radiusd/errors/errors.go:47.35,49.2 1 1
github.com/talkincode/toughradius/v9/internal/radiusd/errors/errors.go:51.34,53.2 1 1
github.com/talkincode/toughradius/v9/internal/radiusd/errors/errors.go:55.39,57.2 1 1
github.com/talkincode/toughradius/v9/internal/radiusd/errors/errors.go:59.48,61.2 1 1
github.com/talkincode/toughradius/v9/internal/radiusd/errors/errors.go:63.30,65.2 1 1
github.com/talkincode/toughradius/v9/internal/radiusd/errors/errors.go:67.31,69.2 1 1
github.com/talkincode/toughradius/v9/internal/radiusd/errors/errors.go:71.70,75.2 1 1
github.com/talkincode/toughradius/v9/internal/radiusd/errors/errors.go:78.53,79.16 1 1
github.com/talkincode/toughradius/v9/internal/radiusd/errors/errors.go:79.16,81.3 1 1
github.com/talkincode/toughradius/v9/internal/radiusd/errors/errors.go:82.2,82.22 1 1
github.com/talkincode/toughradius/v9/internal/radiusd/errors/errors.go:82.22,84.3 1 1
github.com/talkincode/toughradius/v9/internal/radiusd/errors/errors.go:85.2,85.47 1 1
github.com/talkincode/toughradius/v9/internal/radiusd/errors/errors.go:89.37,91.2 1 1
github.com/talkincode/toughradius/v9/internal/radiusd/plugins/auth/guards/reject_delay_guard.go:27.72,31.40 3 1
github.com/talkincode/toughradius/v9/internal/radiusd/plugins/auth/guards/reject_delay_guard.go:31.40,33.3 1 1
github.com/talkincode/toughradius/v9/internal/radiusd/plugins/auth/guards/reject_delay_guard.go:35.2,35.24 1 1
github.com/talkincode/toughradius/v9/internal/radiusd/plugins/auth/guards/reject_delay_guard.go:35.24,37.3 1 1
github.com/talkincode/toughradius/v9/internal/radiusd/plugins/auth/guards/reject_delay_guard.go:39.2,41.14 3 1
github.com/talkincode/toughradius/v9/internal/radiusd/plugins/auth/guards/reject_delay_guard.go:60.70,67.2 1 1
github.com/talkincode/toughradius/v9/internal/radiusd/plugins/auth/guards/reject_delay_guard.go:69.42,71.2 1 1
github.com/talkincode/toughradius/v9/internal/radiusd/plugins/auth/guards/reject_delay_guard.go:74.115,75.16 1 1
github.com/talkincode/toughradius/v9/internal/radiusd/plugins/auth/guards/reject_delay_guard.go:75.16,77.3 1 1
github.com/talkincode/toughradius/v9/internal/radiusd/plugins/auth/guards/reject_delay_guard.go:79.2,80.20 2 1
github.com/talkincode/toughradius/v9/internal/radiusd/plugins/auth/guards/reject_delay_guard.go:80.20,82.3 1 1
github.com/talkincode/toughradius/v9/internal/radiusd/plugins/auth/guards/reject_delay_guard.go:84.2,85.66 2 1
github.com/talkincode/toughradius/v9/internal/radiusd/plugins/auth/guards/reject_delay_guard.go:85.66,87.3 1 1
github.com/talkincode/toughradius/v9/internal/radiusd/plugins/auth/guards/reject_delay_guard.go:89.2,89.12 1 1
github.com/talkincode/toughradius/v9/internal/radiusd/plugins/auth/guards/reject_delay_guard.go:92.54,93.27 1 1
github.com/talkincode/toughradius/v9/internal/radiusd/plugins/auth/guards/reject_delay_guard.go:93.27,95.3 1 1
github.com/talkincode/toughradius/v9/internal/radiusd/plugins/auth/guards/reject_delay_guard.go:96.2,96.94 1 1
github.com/talkincode/toughradius/v9/internal/radiusd/plugins/auth/guards/reject_delay_guard.go:96.94,98.3 1 1
github.com/talkincode/toughradius/v9/internal/radiusd/plugins/auth/guards/reject_delay_guard.go:99.2,99.21 1 0
github.com/talkincode/toughradius/v9/internal/radiusd/plugins/auth/guards/reject_delay_guard.go:102.63,103.27 1 1
github.com/talkincode/toughradius/v9/internal/radiusd/plugins/auth/guards/reject_delay_guard.go:103.27,105.3 1 1
github.com/talkincode/toughradius/v9/internal/radiusd/plugins/auth/guards/reject_delay_guard.go:106.2,106.104 1 1
github.com/talkincode/toughradius/v9/internal/radiusd/plugins/auth/guards/reject_delay_guard.go:106.104,108.3 1 1
github.com/talkincode/toughradius/v9/internal/radiusd/plugins/auth/guards/reject_delay_guard.go:109.2,109.21 1 0
github.com/talkincode/toughradius/v9/internal/radiusd/plugins/auth/guards/reject_delay_guard.go:112.74,113.16 1 1
github.com/talkincode/toughradius/v9/internal/radiusd/plugins/auth/guards/reject_delay_guard.go:113.16,115.3 1 1
github.com/talkincode/toughradius/v9/internal/radiusd/plugins/auth/guards/reject_delay_guard.go:116.2,116.25 1 1
github.com/talkincode/toughradius/v9/internal/radiusd/plugins/auth/guards/reject_delay_guard.go:116.25,117.64 1 1
github.com/talkincode/toughradius/v9/internal/radiusd/plugins/auth/guards/reject_delay_guard.go:117.64,119.4 1 1
github.com/talkincode/toughradius/v9/internal/radiusd/plugins/auth/guards/reject_delay_guard.go:121.2,121.48 1 1
github.com/talkincode/toughradius/v9/internal/radiusd/plugins/auth/guards/reject_delay_guard.go:121.48,123.3 1 1
github.com/talkincode/toughradius/v9/internal/radiusd/plugins/auth/guards/reject_delay_guard.go:124.2,124.24 1 1
github.com/talkincode/toughradius/v9/internal/radiusd/plugins/auth/guards/reject_delay_guard.go:124.24,125.67 1 1
github.com/talkincode/toughradius/v9/internal/radiusd/plugins/auth/guards/reject_delay_guard.go:125.67,127.4 1 1
github.com/talkincode/toughradius/v9/internal/radiusd/plugins/auth/guards/reject_delay_guard.go:129.2,129.11 1 1
github.com/talkincode/toughradius/v9/internal/radiusd/plugins/auth/guards/reject_delay_guard.go:132.65,136.8 4 1
github.com/talkincode/toughradius/v9/internal/radiusd/plugins/auth/guards/reject_delay_guard.go:136.8,138.3 1 1
github.com/talkincode/toughradius/v9/internal/radiusd/plugins/auth/guards/reject_delay_guard.go:140.2,143.38 3 1
github.com/talkincode/toughradius/v9/internal/radiusd/plugins/auth/guards/reject_delay_guard.go:143.38,145.3 1 0
github.com/talkincode/toughradius/v9/internal/radiusd/plugins/auth/guards/reject_delay_guard.go:147.2,147.42 1 1
github.com/talkincode/toughradius/v9/internal/radiusd/plugins/auth/guards/reject_delay_guard.go:147.42,149.3 1 0
github.com/talkincode/toughradius/v9/internal/radiusd/plugins/auth/guards/reject_delay_guard.go:151.2,153.13 3 1
github.com/talkincode/toughradius/v9/internal/radiusd/plugins/accounting/handlers/nas_state_handler.go:17.84,21.2 1 1
github.com/talkincode/toughradius/v9/internal/radiusd/plugins/accounting/handlers/nas_state_handler.go:23.41,25.2 1 1
github.com/talkincode/toughradius/v9/internal/radiusd/plugins/accounting/handlers/nas_state_handler.go:27.77,30.2 1 1
github.com/talkincode/toughradius/v9/internal/radiusd/plugins/accounting/handlers/nas_state_handler.go:32.75,33.26 1 1
github.com/talkincode/toughradius/v9/internal/radiusd/plugins/accounting/handlers/nas_state_handler.go:33.26,35.3 1 1
github.com/talkincode/toughradius/v9/internal/radiusd/plugins/accounting/handlers/nas_state_handler.go:36.2,36.20 1 1
github.com/talkincode/toughradius/v9/internal/radiusd/plugins/accounting/handlers/nas_state_handler.go:36.20,38.3 1 1
github.com/talkincode/toughradius/v9/internal/radiusd/plugins/accounting/handlers/nas_state_handler.go:40.2,40.99 1 1
github.com/talkincode/toughradius/v9/internal/radiusd/plugins/accounting/handlers/nas_state_handler.go:40.99,48.3 2 1
github.com/talkincode/toughradius/v9/internal/radiusd/plugins/accounting/handlers/nas_state_handler.go:50.2,56.12 2 1
github.com/talkincode/toughradius/v9/internal/radiusd/plugins/accounting/handlers/start_handler.go:29.17,34.2 1 1
github.com/talkincode/toughradius/v9/internal/radiusd/plugins/accounting/handlers/start_handler.go:36.38,38.2 1 1
github.com/talkincode/toughradius/v9/internal/radiusd/plugins/accounting/handlers/start_handler.go:40.74,42.2 1 1
github.com/talkincode/toughradius/v9/internal/radiusd/plugins/accounting/handlers/start_handler.go:44.76,46.22 2 1
github.com/talkincode/toughradius/v9/internal/radiusd/plugins/accounting/handlers/start_handler.go:46.22,48.3 1 1
github.com/talkincode/toughradius/v9/internal/radiusd/plugins/accounting/handlers/start_handler.go:51.2,55.16 3 1
github.com/talkincode/toughradius/v9/internal/radiusd/plugins/accounting/handlers/start_handler.go:55.16,62.3 2 1
github.com/talkincode/toughradius/v9/internal/radiusd/plugins/accounting/handlers/start_handler.go:65.2,66.78 2 1
github.com/talkincode/toughradius/v9/internal/radiusd/plugins/accounting/handlers/start_handler.go:66.78,73.3 2 1
github.com/talkincode/toughradius/v9/internal/radiusd/plugins/accounting/handlers/start_handler.go:75.2,75.12 1 1
github.com/talkincode/toughradius/v9/internal/radiusd/plugins/accounting/handlers/start_handler.go:78.152,84.54 5 1
github.com/talkincode/toughradius/v9/internal/radiusd/plugins/accounting/handlers/start_handler.go:84.54,87.3 2 1
github.com/talkincode/toughradius/v9/internal/radiusd/plugins/accounting/handlers/start_handler.go:89.2,115.3 1 1
github.com/talkincode/toughradius/v9/internal/radiusd/plugins/accounting/handlers/start_handler.go:118.111,147.12 2 1
github.com/talkincode/toughradius/v9/internal/radiusd/plugins/accounting/handlers/start_handler.go:147.12,149.3 1 0
github.com/talkincode/toughradius/v9/internal/radiusd/plugins/accounting/handlers/start_handler.go:151.2,151.19 1 1
github.com/talkincode/toughradius/v9/internal/radiusd/plugins/accounting/handlers/stop_handler.go:22.16,27.2 1 1
github.com/talkincode/toughradius/v9/internal/radiusd/plugins/accounting/handlers/stop_handler.go:29.37,31.2 1 1
github.com/talkincode/toughradius/v9/internal/radiusd/plugins/accounting/handlers/stop_handler.go:33.73,35.2 1 1
github.com/talkincode/toughradius/v9/internal/radiusd/plugins/accounting/handlers/stop_handler.go:37.75,39.22 2 1
github.com/talkincode/toughradius/v9/internal/radiusd/plugins/accounting/handlers/stop_handler.go:39.22,41.3 1 1
github.com/talkincode/toughradius/v9/internal/radiusd/plugins/accounting/handlers/stop_handler.go:44.2,57.16 5 1
github.com/talkincode/toughradius/v9/internal/radiusd/plugins/accounting/handlers/stop_handler.go:57.16,64.3 1 0
github.com/talkincode/toughradius/v9/internal/radiusd/plugins/accounting/handlers/stop_handler.go:67.2,68.16 2 1
github.com/talkincode/toughradius/v9/internal/radiusd/plugins/accounting/handlers/stop_handler.go:68.16,76.3 2 1
github.com/talkincode/toughradius/v9/internal/radiusd/plugins/accounting/handlers/stop_handler.go:78.2,78.12 1 1
github.com/talkincode/toughradius/v9/internal/radiusd/plugins/accounting/handlers/update_handler.go:21.80,23.2 1 1
github.com/talkincode/toughradius/v9/internal/radiusd/plugins/accounting/handlers/update_handler.go:25.39,27.2 1 1
github.com/talkincode/toughradius/v9/internal/radiusd/plugins/accounting/handlers/update_handler.go:29.75,31.2 1 1
github.com/talkincode/toughradius/v9/internal/radiusd/plugins/accounting/handlers/update_handler.go:33.77,35.22 2 1
github.com/talkincode/toughradius/v9/internal/radiusd/plugins/accounting/handlers/update_handler.go:35.22,37.3 1 1
github.com/talkincode/toughradius/v9/internal/radiusd/plugins/accounting/handlers/update_handler.go:40.2,44.16 3 1
github.com/talkincode/toughradius/v9/internal/radiusd/plugins/accounting/handlers/update_handler.go:44.16,51.3 2 1
github.com/talkincode/toughradius/v9/internal/radiusd/plugins/accounting/handlers/update_handler.go:53.2,53.12 1 1
github.com/talkincode/toughradius/v9/internal/radiusd/plugins/accounting/handlers/update_handler.go:57.124,73.2 6 1
github.com/talkincode/toughradius/v9/internal/radiusd/plugins/auth/validators/chap_validator.go:17.39,19.2 1 1
github.com/talkincode/toughradius/v9/internal/radiusd/plugins/auth/validators/chap_validator.go:21.67,24.2 2 1
github.com/talkincode/toughradius/v9/internal/radiusd/plugins/auth/validators/chap_validator.go:26.105,28.29 2 1
github.com/talkincode/toughradius/v9/internal/radiusd/plugins/auth/validators/chap_validator.go:28.29,31.3 1 1
github.com/talkincode/toughradius/v9/internal/radiusd/plugins/auth/validators/chap_validator.go:33.2,34.30 2 1
github.com/talkincode/toughradius/v9/internal/radiusd/plugins/auth/validators/chap_validator.go:34.30,37.3 1 1
github.com/talkincode/toughradius/v9/internal/radiusd/plugins/auth/validators/chap_validator.go:39.2,45.44 6 1
github.com/talkincode/toughradius/v9/internal/radiusd/plugins/auth/validators/chap_validator.go:45.44,47.3 1 1
github.com/talkincode/toughradius/v9/internal/radiusd/plugins/auth/validators/chap_validator.go:49.2,49.12 1 1
github.com/talkincode/toughradius/v9/internal/radiusd/plugins/auth/validators/mschap_validator.go:17.41,19.2 1 1
github.com/talkincode/toughradius/v9/internal/radiusd/plugins/auth/validators/mschap_validator.go:21.69,25.2 3 1
github.com/talkincode/toughradius/v9/internal/radiusd/plugins/auth/validators/mschap_validator.go:27.107,31.49 3 1
github.com/talkincode/toughradius/v9/internal/radiusd/plugins/auth/validators/mschap_validator.go:31.49,34.3 1 1
github.com/talkincode/toughradius/v9/internal/radiusd/plugins/auth/validators/mschap_validator.go:36.2,40.93 4 1
github.com/talkincode/toughradius/v9/internal/radiusd/plugins/auth/validators/mschap_validator.go:50.9,56.16 5 1
github.com/talkincode/toughradius/v9/internal/radiusd/plugins/auth/validators/mschap_validator.go:56.16,59.3 1 0
github.com/talkincode/toughradius/v9/internal/radiusd/plugins/auth/validators/mschap_validator.go:61.2,61.44 1 1
github.com/talkincode/toughradius/v9/internal/radiusd/plugins/auth/validators/mschap_validator.go:61.44,63.3 1 1
github.com/talkincode/toughradius/v9/internal/radiusd/plugins/auth/validators/mschap_validator.go:66.2,67.16 2 0
github.com/talkincode/toughradius/v9/internal/radiusd/plugins/auth/validators/mschap_validator.go:67.16,70.3 1 0
github.com/talkincode/toughradius/v9/internal/radiusd/plugins/auth/validators/mschap_validator.go:72.2,73.16 2 0
github.com/talkincode/toughradius/v9/internal/radiusd/plugins/auth/validators/mschap_validator.go:73.16,76.3 1 0
github.com/talkincode/toughradius/v9/internal/radiusd/plugins/auth/validators/mschap_validator.go:78.2,79.16 2 0
github.com/talkincode/toughradius/v9/internal/radiusd/plugins/auth/validators/mschap_validator.go:79.16,82.3 1 0
github.com/talkincode/toughradius/v9/internal/radiusd/plugins/auth/validators/mschap_validator.go:84.2,95.12 9 0
github.com/talkincode/toughradius/v9/internal/radiusd/plugins/auth/validators/pap_validator.go:15.38,17.2 1 1
github.com/talkincode/toughradius/v9/internal/radiusd/plugins/auth/validators/pap_validator.go:19.66,22.2 2 1
github.com/talkincode/toughradius/v9/internal/radiusd/plugins/auth/validators/pap_validator.go:24.104,27.52 2 1
github.com/talkincode/toughradius/v9/internal/radiusd/plugins/auth/validators/pap_validator.go:27.52,29.3 1 1
github.com/talkincode/toughradius/v9/internal/radiusd/plugins/auth/validators/pap_validator.go:31.2,31.12 1 1
github.com/talkincode/toughradius/v9/internal/radiusd/plugins/auth/checkers/expire_checker.go:14.39,16.2 1 1
github.com/talkincode/toughradius/v9/internal/radiusd/plugins/auth/checkers/expire_checker.go:18.37,20.2 1 1
github.com/talkincode/toughradius/v9/internal/radiusd/plugins/auth/checkers/expire_checker.go:22.85,25.40 2 1
github.com/talkincode/toughradius/v9/internal/radiusd/plugins/auth/checkers/expire_checker.go:25.40,27.3 1 1
github.com/talkincode/toughradius/v9/internal/radiusd/plugins/auth/checkers/expire_checker.go:29.2,29.12 1 1
github.com/talkincode/toughradius/v9/internal/radiusd/plugins/auth/checkers/mac_bind_checker.go:15.40,17.2 1 1
github.com/talkincode/toughradius/v9/internal/radiusd/plugins/auth/checkers/mac_bind_checker.go:19.38,21.2 1 1
github.com/talkincode/toughradius/v9/internal/radiusd/plugins/auth/checkers/mac_bind_checker.go:23.86,28.29 3 1
github.com/talkincode/toughradius/v9/internal/radiusd/plugins/auth/checkers/mac_bind_checker.go:28.29,30.3 1 0
github.com/talkincode/toughradius/v9/internal/radiusd/plugins/auth/checkers/mac_bind_checker.go:33.2,33.40 1 1
github.com/talkincode/toughradius/v9/internal/radiusd/plugins/auth/checkers/mac_bind_checker.go:33.40,35.3 1 1
github.com/talkincode/toughradius/v9/internal/radiusd/plugins/auth/checkers/mac_bind_checker.go:38.2,39.29 2 1
github.com/talkincode/toughradius/v9/internal/radiusd/plugins/auth/checkers/mac_bind_checker.go:39.29,41.3 1 1
github.com/talkincode/toughradius/v9/internal/radiusd/plugins/auth/checkers/mac_bind_checker.go:44.2,44.106 1 1
github.com/talkincode/toughradius/v9/internal/radiusd/plugins/auth/checkers/mac_bind_checker.go:44.106,46.3 1 1
github.com/talkincode/toughradius/v9/internal/radiusd/plugins/auth/checkers/mac_bind_checker.go:48.2,48.12 1 1
github.com/talkincode/toughradius/v9/internal/radiusd/plugins/auth/checkers/online_count_checker.go:17.90,19.2 1 1
github.com/talkincode/toughradius/v9/internal/radiusd/plugins/auth/checkers/online_count_checker.go:21.44,23.2 1 1
github.com/talkincode/toughradius/v9/internal/radiusd/plugins/auth/checkers/online_count_checker.go:25.42,27.2 1 1
github.com/talkincode/toughradius/v9/internal/radiusd/plugins/auth/checkers/online_count_checker.go:29.90,34.29 3 1
github.com/talkincode/toughradius/v9/internal/radiusd/plugins/auth/checkers/online_count_checker.go:34.29,36.3 1 0
github.com/talkincode/toughradius/v9/internal/radiusd/plugins/auth/checkers/online_count_checker.go:39.2,40.20 2 1
github.com/talkincode/toughradius/v9/internal/radiusd/plugins/auth/checkers/online_count_checker.go:40.20,42.3 1 1
github.com/talkincode/toughradius/v9/internal/radiusd/plugins/auth/checkers/online_count_checker.go:44.2,45.16 2 1
github.com/talkincode/toughradius/v9/internal/radiusd/plugins/auth/checkers/online_count_checker.go:45.16,47.3 1 1
github.com/talkincode/toughradius/v9/internal/radiusd/plugins/auth/checkers/online_count_checker.go:49.2,49.24 1 1
github.com/talkincode/toughradius/v9/internal/radiusd/plugins/auth/checkers/online_count_checker.go:49.24,51.3 1 1
github.com/talkincode/toughradius/v9/internal/radiusd/plugins/auth/checkers/online_count_checker.go:53.2,53.12 1 1
github.com/talkincode/toughradius/v9/internal/radiusd/plugins/auth/checkers/status_checker.go:14.39,16.2 1 1
github.com/talkincode/toughradius/v9/internal/radiusd/plugins/auth/checkers/status_checker.go:18.37,20.2 1 1
github.com/talkincode/toughradius/v9/internal/radiusd/plugins/auth/checkers/status_checker.go:22.85,25.36 2 1
github.com/talkincode/toughradius/v9/internal/radiusd/plugins/auth/checkers/status_checker.go:25.36,27.3 1 1
github.com/talkincode/toughradius/v9/internal/radiusd/plugins/auth/checkers/status_checker.go:29.2,29.12 1 1
github.com/talkincode/toughradius/v9/internal/radiusd/plugins/auth/checkers/vlan_bind_checker.go:14.41,16.2 1 1
github.com/talkincode/toughradius/v9/internal/radiusd/plugins/auth/checkers/vlan_bind_checker.go:18.39,20.2 1 1
github.com/talkincode/toughradius/v9/internal/radiusd/plugins/auth/checkers/vlan_bind_checker.go:22.87,27.29 3 1
github.com/talkincode/toughradius/v9/internal/radiusd/plugins/auth/checkers/vlan_bind_checker.go:27.29,29.3 1 0
github.com/talkincode/toughradius/v9/internal/radiusd/plugins/auth/checkers/vlan_bind_checker.go:32.2,32.41 1 1
github.com/talkincode/toughradius/v9/internal/radiusd/plugins/auth/checkers/vlan_bind_checker.go:32.41,34.3 1 1
github.com/talkincode/toughradius/v9/internal/radiusd/plugins/auth/checkers/vlan_bind_checker.go:37.2,38.29 2 1
github.com/talkincode/toughradius/v9/internal/radiusd/plugins/auth/checkers/vlan_bind_checker.go:38.29,40.3 1 1
github.com/talkincode/toughradius/v9/internal/radiusd/plugins/auth/checkers/vlan_bind_checker.go:42.2,46.66 3 1
github.com/talkincode/toughradius/v9/internal/radiusd/plugins/auth/checkers/vlan_bind_checker.go:46.66,48.3 1 1
github.com/talkincode/toughradius/v9/internal/radiusd/plugins/auth/checkers/vlan_bind_checker.go:51.2,51.66 1 1
github.com/talkincode/toughradius/v9/internal/radiusd/plugins/auth/checkers/vlan_bind_checker.go:51.66,53.3 1 1
github.com/talkincode/toughradius/v9/internal/radiusd/plugins/auth/checkers/vlan_bind_checker.go:55.2,55.12 1 1
github.com/talkincode/toughradius/v9/internal/radiusd/plugins/auth/enhancers/default_enhancer.go:21.56,23.2 1 1
github.com/talkincode/toughradius/v9/internal/radiusd/plugins/auth/enhancers/default_enhancer.go:25.47,27.2 1 1
github.com/talkincode/toughradius/v9/internal/radiusd/plugins/auth/enhancers/default_enhancer.go:29.95,30.70 1 1
github.com/talkincode/toughradius/v9/internal/radiusd/plugins/auth/enhancers/default_enhancer.go:30.70,32.3 1 1
github.com/talkincode/toughradius/v9/internal/radiusd/plugins/auth/enhancers/default_enhancer.go:34.2,39.29 4 1
github.com/talkincode/toughradius/v9/internal/radiusd/plugins/auth/enhancers/default_enhancer.go:39.29,41.3 1 0
github.com/talkincode/toughradius/v9/internal/radiusd/plugins/auth/enhancers/default_enhancer.go:43.2,44.29 2 1
github.com/talkincode/toughradius/v9/internal/radiusd/plugins/auth/enhancers/default_enhancer.go:44.29,46.3 1 0
github.com/talkincode/toughradius/v9/internal/radiusd/plugins/auth/enhancers/default_enhancer.go:47.2,47.17 1 1
github.com/talkincode/toughradius/v9/internal/radiusd/plugins/auth/enhancers/default_enhancer.go:47.17,49.3 1 1
github.com/talkincode/toughradius/v9/internal/radiusd/plugins/auth/enhancers/default_enhancer.go:51.2,58.38 5 1
github.com/talkincode/toughradius/v9/internal/radiusd/plugins/auth/enhancers/default_enhancer.go:58.38,60.3 1 0
github.com/talkincode/toughradius/v9/internal/radiusd/plugins/auth/enhancers/default_enhancer.go:63.2,63.41 1 1
github.com/talkincode/toughradius/v9/internal/radiusd/plugins/auth/enhancers/default_enhancer.go:63.41,65.3 1 0
github.com/talkincode/toughradius/v9/internal/radiusd/plugins/auth/enhancers/default_enhancer.go:68.2,68.43 1 1
github.com/talkincode/toughradius/v9/internal/radiusd/plugins/auth/enhancers/default_enhancer.go:68.43,72.41 2 1
github.com/talkincode/toughradius/v9/internal/radiusd/plugins/auth/enhancers/default_enhancer.go:72.41,74.4 1 1
github.com/talkincode/toughradius/v9/internal/radiusd/plugins/auth/enhancers/default_enhancer.go:75.3,75.61 1 1
github.com/talkincode/toughradius/v9/internal/radiusd/plugins/auth/enhancers/default_enhancer.go:75.61,77.4 1 1
github.com/talkincode/toughradius/v9/internal/radiusd/plugins/auth/enhancers/default_enhancer.go:81.2,82.38 2 1
github.com/talkincode/toughradius/v9/internal/radiusd/plugins/auth/enhancers/default_enhancer.go:82.38,84.3 1 0
github.com/talkincode/toughradius/v9/internal/radiusd/plugins/auth/enhancers/default_enhancer.go:86.2,86.12 1 1
github.com/talkincode/toughradius/v9/internal/radiusd/plugins/auth/enhancers/default_enhancer.go:89.76,91.29 1 1
github.com/talkincode/toughradius/v9/internal/radiusd/plugins/auth/enhancers/default_enhancer.go:91.29,92.76 1 0
github.com/talkincode/toughradius/v9/internal/radiusd/plugins/auth/enhancers/default_enhancer.go:92.76,94.16 2 0
github.com/talkincode/toughradius/v9/internal/radiusd/plugins/auth/enhancers/default_enhancer.go:94.16,96.5 1 0
github.com/talkincode/toughradius/v9/internal/radiusd/plugins/auth/enhancers/default_enhancer.go:97.4,97.14 1 0
github.com/talkincode/toughradius/v9/internal/radiusd/plugins/auth/enhancers/default_enhancer.go:100.2,100.12 1 1
github.com/talkincode/toughradius/v9/internal/radiusd/plugins/auth/enhancers/h3c_enhancer.go:14.48,16.2 1 1
github.com/talkincode/toughradius/v9/internal/radiusd/plugins/auth/enhancers/h3c_enhancer.go:18.43,20.2 1 1
github.com/talkincode/toughradius/v9/internal/radiusd/plugins/auth/enhancers/h3c_enhancer.go:22.91,23.70 1 1
github.com/talkincode/toughradius/v9/internal/radiusd/plugins/auth/enhancers/h3c_enhancer.go:23.70,25.3 1 1
github.com/talkincode/toughradius/v9/internal/radiusd/plugins/auth/enhancers/h3c_enhancer.go:26.2,26.44 1 1
github.com/talkincode/toughradius/v9/internal/radiusd/plugins/auth/enhancers/h3c_enhancer.go:26.44,28.3 1 1
github.com/talkincode/toughradius/v9/internal/radiusd/plugins/auth/enhancers/h3c_enhancer.go:30.2,35.29 4 1
github.com/talkincode/toughradius/v9/internal/radiusd/plugins/auth/enhancers/h3c_enhancer.go:35.29,37.3 1 0
github.com/talkincode/toughradius/v9/internal/radiusd/plugins/auth/enhancers/h3c_enhancer.go:40.2,52.12 11 1
github.com/talkincode/toughradius/v9/internal/radiusd/plugins/auth/enhancers/huawei_enhancer.go:17.54,19.2 1 1
github.com/talkincode/toughradius/v9/internal/radiusd/plugins/auth/enhancers/huawei_enhancer.go:21.46,23.2 1 1
github.com/talkincode/toughradius/v9/internal/radiusd/plugins/auth/enhancers/huawei_enhancer.go:25.94,26.70 1 1
github.com/talkincode/toughradius/v9/internal/radiusd/plugins/auth/enhancers/huawei_enhancer.go:26.70,28.3 1 1
github.com/talkincode/toughradius/v9/internal/radiusd/plugins/auth/enhancers/huawei_enhancer.go:29.2,29.47 1 1
github.com/talkincode/toughradius/v9/internal/radiusd/plugins/auth/enhancers/huawei_enhancer.go:29.47,31.3 1 1
github.com/talkincode/toughradius/v9/internal/radiusd/plugins/auth/enhancers/huawei_enhancer.go:33.2,38.29 4 1
github.com/talkincode/toughradius/v9/internal/radiusd/plugins/auth/enhancers/huawei_enhancer.go:38.29,40.3 1 0
github.com/talkincode/toughradius/v9/internal/radiusd/plugins/auth/enhancers/huawei_enhancer.go:43.2,57.43 11 1
github.com/talkincode/toughradius/v9/internal/radiusd/plugins/auth/enhancers/huawei_enhancer.go:57.43,60.37 2 1
github.com/talkincode/toughradius/v9/internal/radiusd/plugins/auth/enhancers/huawei_enhancer.go:60.37,64.4 2 1
github.com/talkincode/toughradius/v9/internal/radiusd/plugins/auth/enhancers/huawei_enhancer.go:65.3,65.56 1 1
github.com/talkincode/toughradius/v9/internal/radiusd/plugins/auth/enhancers/huawei_enhancer.go:65.56,67.4 1 1
github.com/talkincode/toughradius/v9/internal/radiusd/plugins/auth/enhancers/huawei_enhancer.go:71.2,72.36 2 1
github.com/talkincode/toughradius/v9/internal/radiusd/plugins/auth/enhancers/huawei_enhancer.go:72.36,74.3 1 1
github.com/talkincode/toughradius/v9/internal/radiusd/plugins/auth/enhancers/huawei_enhancer.go:76.2,76.12 1 1
github.com/talkincode/toughradius/v9/internal/radiusd/plugins/auth/enhancers/ikuai_enhancer.go:14.52,16.2 1 1
github.com/talkincode/toughradius/v9/internal/radiusd/plugins/auth/enhancers/ikuai_enhancer.go:18.45,20.2 1 1
github.com/talkincode/toughradius/v9/internal/radiusd/plugins/auth/enhancers/ikuai_enhancer.go:22.93,23.70 1 1
github.com/talkincode/toughradius/v9/internal/radiusd/plugins/auth/enhancers/ikuai_enhancer.go:23.70,25.3 1 1
github.com/talkincode/toughradius/v9/internal/radiusd/plugins/auth/enhancers/ikuai_enhancer.go:26.2,26.46 1 1
github.com/talkincode/toughradius/v9/internal/radiusd/plugins/auth/enhancers/ikuai_enhancer.go:26.46,28.3 1 1
github.com/talkincode/toughradius/v9/internal/radiusd/plugins/auth/enhancers/ikuai_enhancer.go:30.2,35.29 4 1
github.com/talkincode/toughradius/v9/internal/radiusd/plugins/auth/enhancers/ikuai_enhancer.go:35.29,37.3 1 0
github.com/talkincode/toughradius/v9/internal/radiusd/plugins/auth/enhancers/ikuai_enhancer.go:40.2,48.12 7 1
github.com/talkincode/toughradius/v9/internal/radiusd/plugins/auth/enhancers/mikrotik_enhancer.go:14.58,16.2 1 1
github.com/talkincode/toughradius/v9/internal/radiusd/plugins/auth/enhancers/mikrotik_enhancer.go:18.48,20.2 1 1
github.com/talkincode/toughradius/v9/internal/radiusd/plugins/auth/enhancers/mikrotik_enhancer.go:22.96,23.70 1 1
github.com/talkincode/toughradius/v9/internal/radiusd/plugins/auth/enhancers/mikrotik_enhancer.go:23.70,25.3 1 1
github.com/talkincode/toughradius/v9/internal/radiusd/plugins/auth/enhancers/mikrotik_enhancer.go:26.2,26.49 1 1
github.com/talkincode/toughradius/v9/internal/radiusd/plugins/auth/enhancers/mikrotik_enhancer.go:26.49,28.3 1 1
github.com/talkincode/toughradius/v9/internal/radiusd/plugins/auth/enhancers/mikrotik_enhancer.go:30.2,35.29 4 1
github.com/talkincode/toughradius/v9/internal/radiusd/plugins/auth/enhancers/mikrotik_enhancer.go:35.29,37.3 1 0
github.com/talkincode/toughradius/v9/internal/radiusd/plugins/auth/enhancers/mikrotik_enhancer.go:40.2,44.12 4 1
github.com/talkincode/toughradius/v9/internal/radiusd/plugins/auth/enhancers/vendor_helpers.go:7.65,8.34 1 1
github.com/talkincode/toughradius/v9/internal/radiusd/plugins/auth/enhancers/vendor_helpers.go:8.34,10.3 1 1
github.com/talkincode/toughradius/v9/internal/radiusd/plugins/auth/enhancers/vendor_helpers.go:11.2,11.41 1 1
github.com/talkincode/toughradius/v9/internal/radiusd/plugins/auth/enhancers/vendor_helpers.go:14.45,15.15 1 1
github.com/talkincode/toughradius/v9/internal/radiusd/plugins/auth/enhancers/vendor_helpers.go:15.15,17.3 1 1
github.com/talkincode/toughradius/v9/internal/radiusd/plugins/auth/enhancers/vendor_helpers.go:18.2,18.12 1 1
github.com/talkincode/toughradius/v9/internal/radiusd/plugins/auth/enhancers/zte_enhancer.go:14.48,16.2 1 1
github.com/talkincode/toughradius/v9/internal/radiusd/plugins/auth/enhancers/zte_enhancer.go:18.43,20.2 1 1
github.com/talkincode/toughradius/v9/internal/radiusd/plugins/auth/enhancers/zte_enhancer.go:22.91,23.70 1 1
github.com/talkincode/toughradius/v9/internal/radiusd/plugins/auth/enhancers/zte_enhancer.go:23.70,25.3 1 1
github.com/talkincode/toughradius/v9/internal/radiusd/plugins/auth/enhancers/zte_enhancer.go:26.2,26.44 1 1
github.com/talkincode/toughradius/v9/internal/radiusd/plugins/auth/enhancers/zte_enhancer.go:26.44,28.3 1 1
github.com/talkincode/toughradius/v9/internal/radiusd/plugins/auth/enhancers/zte_enhancer.go:30.2,35.29 4 1
github.com/talkincode/toughradius/v9/internal/radiusd/plugins/auth/enhancers/zte_enhancer.go:35.29,37.3 1 0
github.com/talkincode/toughradius/v9/internal/radiusd/plugins/auth/enhancers/zte_enhancer.go:40.2,48.12 7 1
github.com/talkincode/toughradius/v9/internal/radiusd/repository/gorm/accounting_repository.go:20.79,22.2 1 0
github.com/talkincode/toughradius/v9/internal/radiusd/repository/gorm/accounting_repository.go:24.107,25.24 1 0
github.com/talkincode/toughradius/v9/internal/radiusd/repository/gorm/accounting_repository.go:25.24,27.3 1 0
github.com/talkincode/toughradius/v9/internal/radiusd/repository/gorm/accounting_repository.go:28.2,28.55 1 0
github.com/talkincode/toughradius/v9/internal/radiusd/repository/gorm/accounting_repository.go:31.129,46.25 3 0
github.com/talkincode/toughradius/v9/internal/radiusd/repository/gorm/accounting_repository.go:46.25,48.3 1 0
github.com/talkincode/toughradius/v9/internal/radiusd/repository/gorm/accounting_repository.go:50.2,50.30 1 0
github.com/talkincode/toughradius/v9/internal/radiusd/repository/gorm/accounting_repository.go:50.30,52.3 1 0
github.com/talkincode/toughradius/v9/internal/radiusd/repository/gorm/accounting_repository.go:54.2,54.12 1 0
github.com/talkincode/toughradius/v9/internal/radiusd/repository/gorm/nas_repository.go:17.65,19.2 1 0
github.com/talkincode/toughradius/v9/internal/radiusd/repository/gorm/nas_repository.go:21.93,24.16 3 0
github.com/talkincode/toughradius/v9/internal/radiusd/repository/gorm/nas_repository.go:24.16,26.3 1 0
github.com/talkincode/toughradius/v9/internal/radiusd/repository/gorm/nas_repository.go:27.2,27.18 1 0
github.com/talkincode/toughradius/v9/internal/radiusd/repository/gorm/nas_repository.go:30.109,33.16 3 0
github.com/talkincode/toughradius/v9/internal/radiusd/repository/gorm/nas_repository.go:33.16,35.3 1 0
github.com/talkincode/toughradius/v9/internal/radiusd/repository/gorm/nas_repository.go:36.2,36.18 1 0
github.com/talkincode/toughradius/v9/internal/radiusd/repository/gorm/nas_repository.go:39.117,44.16 3 0
github.com/talkincode/toughradius/v9/internal/radiusd/repository/gorm/nas_repository.go:44.16,46.3 1 0
github.com/talkincode/toughradius/v9/internal/radiusd/repository/gorm/nas_repository.go:47.2,47.18 1 0
github.com/talkincode/toughradius/v9/internal/radiusd/repository/gorm/session_repository.go:21.73,26.2 1 0
github.com/talkincode/toughradius/v9/internal/radiusd/repository/gorm/session_repository.go:28.97,29.21 1 0
github.com/talkincode/toughradius/v9/internal/radiusd/repository/gorm/session_repository.go:29.21,31.3 1 0
github.com/talkincode/toughradius/v9/internal/radiusd/repository/gorm/session_repository.go:32.2,32.68 1 0
github.com/talkincode/toughradius/v9/internal/radiusd/repository/gorm/session_repository.go:32.68,34.3 1 0
github.com/talkincode/toughradius/v9/internal/radiusd/repository/gorm/session_repository.go:35.2,35.20 1 0
github.com/talkincode/toughradius/v9/internal/radiusd/repository/gorm/session_repository.go:35.20,37.3 1 0
github.com/talkincode/toughradius/v9/internal/radiusd/repository/gorm/session_repository.go:38.2,38.12 1 0
github.com/talkincode/toughradius/v9/internal/radiusd/repository/gorm/session_repository.go:41.97,54.2 2 0
github.com/talkincode/toughradius/v9/internal/radiusd/repository/gorm/session_repository.go:56.85,61.16 3 0
github.com/talkincode/toughradius/v9/internal/radiusd/repository/gorm/session_repository.go:61.16,63.3 1 0
github.com/talkincode/toughradius/v9/internal/radiusd/repository/gorm/session_repository.go:64.2,64.12 1 0
github.com/talkincode/toughradius/v9/internal/radiusd/repository/gorm/session_repository.go:67.117,72.16 3 0
github.com/talkincode/toughradius/v9/internal/radiusd/repository/gorm/session_repository.go:72.16,74.3 1 0
github.com/talkincode/toughradius/v9/internal/radiusd/repository/gorm/session_repository.go:75.2,75.22 1 0
github.com/talkincode/toughradius/v9/internal/radiusd/repository/gorm/session_repository.go:78.100,79.20 1 0
github.com/talkincode/toughradius/v9/internal/radiusd/repository/gorm/session_repository.go:79.20,80.51 1 0
github.com/talkincode/toughradius/v9/internal/radiusd/repository/gorm/session_repository.go:80.51,82.4 1 0
github.com/talkincode/toughradius/v9/internal/radiusd/repository/gorm/session_repository.go:84.2,89.34 3 0
github.com/talkincode/toughradius/v9/internal/radiusd/repository/gorm/session_repository.go:89.34,91.3 1 0
github.com/talkincode/toughradius/v9/internal/radiusd/repository/gorm/session_repository.go:92.2,92.24 1 0
github.com/talkincode/toughradius/v9/internal/radiusd/repository/gorm/session_repository.go:95.93,102.2 3 0
github.com/talkincode/toughradius/v9/internal/radiusd/repository/gorm/session_repository.go:104.86,108.16 2 0
github.com/talkincode/toughradius/v9/internal/radiusd/repository/gorm/session_repository.go:108.16,110.3 1 0
github.com/talkincode/toughradius/v9/internal/radiusd/repository/gorm/session_repository.go:111.2,111.12 1 0
github.com/talkincode/toughradius/v9/internal/radiusd/repository/gorm/session_repository.go:114.100,115.19 1 0
github.com/talkincode/toughradius/v9/internal/radiusd/repository/gorm/session_repository.go:115.19,116.115 1 0
github.com/talkincode/toughradius/v9/internal/radiusd/repository/gorm/session_repository.go:116.115,118.4 1 0
github.com/talkincode/toughradius/v9/internal/radiusd/repository/gorm/session_repository.go:120.2,120.17 1 0
github.com/talkincode/toughradius/v9/internal/radiusd/repository/gorm/session_repository.go:120.17,121.111 1 0
github.com/talkincode/toughradius/v9/internal/radiusd/repository/gorm/session_repository.go:121.111,123.4 1 0
github.com/talkincode/toughradius/v9/internal/radiusd/repository/gorm/session_repository.go:125.2,126.12 2 0
github.com/talkincode/toughradius/v9/internal/radiusd/repository/gorm/session_repository.go:129.61,130.20 1 0
github.com/talkincode/toughradius/v9/internal/radiusd/repository/gorm/session_repository.go:130.20,132.3 1 0
github.com/talkincode/toughradius/v9/internal/radiusd/repository/gorm/session_repository.go:133.2,133.31 1 0
github.com/talkincode/toughradius/v9/internal/radiusd/repository/gorm/session_repository.go:136.103,137.21 1 0
github.com/talkincode/toughradius/v9/internal/radiusd/repository/gorm/session_repository.go:137.21,139.3 1 0
github.com/talkincode/toughradius/v9/internal/radiusd/repository/gorm/session_repository.go:140.2,148.35 2 0
github.com/talkincode/toughradius/v9/internal/radiusd/repository/gorm/session_repository.go:148.35,150.3 1 0
github.com/talkincode/toughradius/v9/internal/radiusd/repository/gorm/session_repository.go:151.2,151.24 1 0
github.com/talkincode/toughradius/v9/internal/radiusd/repository/gorm/user_repository.go:18.67,20.2 1 0
github.com/talkincode/toughradius/v9/internal/radiusd/repository/gorm/user_repository.go:22.110,25.16 3 0
github.com/talkincode/toughradius/v9/internal/radiusd/repository/gorm/user_repository.go:25.16,27.3 1 0
github.com/talkincode/toughradius/v9/internal/radiusd/repository/gorm/user_repository.go:28.2,28.19 1 0
github.com/talkincode/toughradius/v9/internal/radiusd/repository/gorm/user_repository.go:31.108,34.16 3 0
github.com/talkincode/toughradius/v9/internal/radiusd/repository/gorm/user_repository.go:34.16,36.3 1 0
github.com/talkincode/toughradius/v9/internal/radiusd/repository/gorm/user_repository.go:37.2,37.19 1 0
github.com/talkincode/toughradius/v9/internal/radiusd/repository/gorm/user_repository.go:40.97,45.2 1 0
github.com/talkincode/toughradius/v9/internal/radiusd/repository/gorm/user_repository.go:47.109,56.2 2 0
github.com/talkincode/toughradius/v9/internal/radiusd/repository/gorm/user_repository.go:58.91,63.2 1 0
github.com/talkincode/toughradius/v9/internal/radiusd/repository/gorm/user_repository.go:65.119,70.2 1 0
github.com/talkincode/toughradius/v9/internal/radiusd/plugins/init.go:19.142,32.24 8 1
github.com/talkincode/toughradius/v9/internal/radiusd/plugins/init.go:32.24,34.3 1 0
github.com/talkincode/toughradius/v9/internal/radiusd/plugins/init.go:37.2,46.19 8 1
github.com/talkincode/toughradius/v9/internal/radiusd/plugins/init.go:46.19,48.3 1 0
github.com/talkincode/toughradius/v9/internal/radiusd/plugins/init.go:49.2,52.49 2 1
github.com/talkincode/toughradius/v9/internal/radiusd/plugins/init.go:52.49,57.3 4 0
github.com/talkincode/toughradius/v9/internal/radiusd/plugins/init.go:60.2,62.63 3 1
github.com/talkincode/toughradius/v9/internal/radiusd/plugins/eap/coordinator.go:26.139,33.2 1 0
github.com/talkincode/toughradius/v9/internal/radiusd/plugins/eap/coordinator.go:49.43,53.16 2 0
github.com/talkincode/toughradius/v9/internal/radiusd/plugins/eap/coordinator.go:53.16,56.3 1 0
github.com/talkincode/toughradius/v9/internal/radiusd/plugins/eap/coordinator.go:59.2,73.64 2 0
github.com/talkincode/toughradius/v9/internal/radiusd/plugins/eap/coordinator.go:73.64,75.3 1 0
github.com/talkincode/toughradius/v9/internal/radiusd/plugins/eap/coordinator.go:78.2,78.59 1 0
github.com/talkincode/toughradius/v9/internal/radiusd/plugins/eap/coordinator.go:78.59,80.3 1 0
github.com/talkincode/toughradius/v9/internal/radiusd/plugins/eap/coordinator.go:83.2,83.33 1 0
github.com/talkincode/toughradius/v9/internal/radiusd/plugins/eap/coordinator.go:83.33,85.3 1 0
github.com/talkincode/toughradius/v9/internal/radiusd/plugins/eap/coordinator.go:87.2,87.74 1 0
github.com/talkincode/toughradius/v9/internal/radiusd/plugins/eap/coordinator.go:91.108,95.26 2 0
github.com/talkincode/toughradius/v9/internal/radiusd/plugins/eap/coordinator.go:96.17,97.62 1 0
github.com/talkincode/toughradius/v9/internal/radiusd/plugins/eap/coordinator.go:98.22,99.58 1 0
github.com/talkincode/toughradius/v9/internal/radiusd/plugins/eap/coordinator.go:100.17,101.53 1 0
github.com/talkincode/toughradius/v9/internal/radiusd/plugins/eap/coordinator.go:102.10,104.62 1 0
github.com/talkincode/toughradius/v9/internal/radiusd/plugins/eap/coordinator.go:107.2,107.20 1 0
github.com/talkincode/toughradius/v9/internal/radiusd/plugins/eap/coordinator.go:107.20,109.3 1 0
github.com/talkincode/toughradius/v9/internal/radiusd/plugins/eap/coordinator.go:112.2,113.16 2 0
github.com/talkincode/toughradius/v9/internal/radiusd/plugins/eap/coordinator.go:113.16,117.3 1 0
github.com/talkincode/toughradius/v9/internal/radiusd/plugins/eap/coordinator.go:120.2,120.28 1 0
github.com/talkincode/toughradius/v9/internal/radiusd/plugins/eap/coordinator.go:124.70,125.35 1 0
github.com/talkincode/toughradius/v9/internal/radiusd/plugins/eap/coordinator.go:125.35,127.3 1 0
github.com/talkincode/toughradius/v9/internal/radiusd/plugins/eap/coordinator.go:130.2,133.9 3 0
github.com/talkincode/toughradius/v9/internal/radiusd/plugins/eap/coordinator.go:133.9,135.3 1 0
github.com/talkincode/toughradius/v9/internal/radiusd/plugins/eap/coordinator.go:138.2,139.28 2 0
github.com/talkincode/toughradius/v9/internal/radiusd/plugins/eap/coordinator.go:143.84,146.9 2 0
github.com/talkincode/toughradius/v9/internal/radiusd/plugins/eap/coordinator.go:146.9,148.3 1 0
github.com/talkincode/toughradius/v9/internal/radiusd/plugins/eap/coordinator.go:151.2,151.29 1 0
github.com/talkincode/toughradius/v9/internal/radiusd/plugins/eap/coordinator.go:151.29,153.3 1 0
github.com/talkincode/toughradius/v9/internal/radiusd/plugins/eap/coordinator.go:156.2,157.16 2 0
github.com/talkincode/toughradius/v9/internal/radiusd/plugins/eap/coordinator.go:157.16,162.3 2 0
github.com/talkincode/toughradius/v9/internal/radiusd/plugins/eap/coordinator.go:164.2,164.27 1 0
github.com/talkincode/toughradius/v9/internal/radiusd/plugins/eap/coordinator.go:168.128,179.13 5 0
github.com/talkincode/toughradius/v9/internal/radiusd/plugins/eap/coordinator.go:179.13,182.3 1 0
github.com/talkincode/toughradius/v9/internal/radiusd/plugins/eap/coordinator.go:184.2,184.26 1 0
github.com/talkincode/toughradius/v9/internal/radiusd/plugins/eap/coordinator.go:188.117,207.2 7 0
github.com/talkincode/toughradius/v9/internal/radiusd/plugins/eap/coordinator.go:210.55,212.19 2 0
github.com/talkincode/toughradius/v9/internal/radiusd/plugins/eap/coordinator.go:212.19,214.3 1 0
github.com/talkincode/toughradius/v9/internal/radiusd/plugins/eap/message.go:10.40,11.16 1 1
github.com/talkincode/toughradius/v9/internal/radiusd/plugins/eap/message.go:11.16,13.3 1 1
github.com/talkincode/toughradius/v9/internal/radiusd/plugins/eap/message.go:15.2,28.25 14 1
github.com/talkincode/toughradius/v9/internal/radiusd/plugins/eap/password_provider.go:11.60,13.2 1 1
github.com/talkincode/toughradius/v9/internal/radiusd/plugins/eap/password_provider.go:18.104,19.15 1 1
github.com/talkincode/toughradius/v9/internal/radiusd/plugins/eap/password_provider.go:19.15,21.25 1 1
github.com/talkincode/toughradius/v9/internal/radiusd/plugins/eap/password_provider.go:21.25,23.4 1 1
github.com/talkincode/toughradius/v9/internal/radiusd/plugins/eap/password_provider.go:24.3,24.28 1 1
github.com/talkincode/toughradius/v9/internal/radiusd/plugins/eap/password_provider.go:28.2,28.27 1 1
github.com/talkincode/toughradius/v9/internal/radiusd/plugins/eap/utils.go:16.66,18.16 2 1
github.com/talkincode/toughradius/v9/internal/radiusd/plugins/eap/utils.go:18.16,20.3 1 1
github.com/talkincode/toughradius/v9/internal/radiusd/plugins/eap/utils.go:22.2,22.19 1 1
github.com/talkincode/toughradius/v9/internal/radiusd/plugins/eap/utils.go:22.19,24.3 1 1
github.com/talkincode/toughradius/v9/internal/radiusd/plugins/eap/utils.go:26.2,33.17 2 1
github.com/talkincode/toughradius/v9/internal/radiusd/plugins/eap/utils.go:37.40,40.21 3 1
github.com/talkincode/toughradius/v9/internal/radiusd/plugins/eap/utils.go:40.21,43.3 2 1
github.com/talkincode/toughradius/v9/internal/radiusd/plugins/eap/utils.go:45.2,51.19 6 1
github.com/talkincode/toughradius/v9/internal/radiusd/plugins/eap/utils.go:51.19,53.3 1 1
github.com/talkincode/toughradius/v9/internal/radiusd/plugins/eap/utils.go:54.2,54.15 1 1
github.com/talkincode/toughradius/v9/internal/radiusd/plugins/eap/utils.go:58.53,64.2 5 1
github.com/talkincode/toughradius/v9/internal/radiusd/plugins/eap/utils.go:67.49,70.16 3 1
github.com/talkincode/toughradius/v9/internal/radiusd/plugins/eap/utils.go:70.16,73.3 2 0
github.com/talkincode/toughradius/v9/internal/radiusd/plugins/eap/utils.go:74.2,74.15 1 1
github.com/talkincode/toughradius/v9/internal/radiusd/plugins/eap/utils.go:78.80,83.2 4 1
github.com/talkincode/toughradius/v9/internal/radiusd/plugins/eap/utils.go:86.83,91.2 4 1
github.com/talkincode/toughradius/v9/internal/radiusd/plugins/eap/utils.go:94.41,98.2 3 1
github.com/talkincode/toughradius/v9/internal/radiusd/plugins/eap/utils.go:101.50,103.2 1 1
github.com/talkincode/toughradius/v9/internal/radiusd/plugins/eap/statemanager/memory_state_manager.go:17.50,21.2 1 1
github.com/talkincode/toughradius/v9/internal/radiusd/plugins/eap/statemanager/memory_state_manager.go:24.78,29.9 4 1
github.com/talkincode/toughradius/v9/internal/radiusd/plugins/eap/statemanager/memory_state_manager.go:29.9,31.3 1 1
github.com/talkincode/toughradius/v9/internal/radiusd/plugins/eap/statemanager/memory_state_manager.go:34.2,35.23 2 1
github.com/talkincode/toughradius/v9/internal/radiusd/plugins/eap/statemanager/memory_state_manager.go:35.23,37.32 2 1
github.com/talkincode/toughradius/v9/internal/radiusd/plugins/eap/statemanager/memory_state_manager.go:37.32,39.4 1 1
github.com/talkincode/toughradius/v9/internal/radiusd/plugins/eap/statemanager/memory_state_manager.go:42.2,42.24 1 1
github.com/talkincode/toughradius/v9/internal/radiusd/plugins/eap/statemanager/memory_state_manager.go:46.82,52.23 4 1
github.com/talkincode/toughradius/v9/internal/radiusd/plugins/eap/statemanager/memory_state_manager.go:52.23,54.32 2 1
github.com/talkincode/toughradius/v9/internal/radiusd/plugins/eap/statemanager/memory_state_manager.go:54.32,56.4 1 1
github.com/talkincode/toughradius/v9/internal/radiusd/plugins/eap/statemanager/memory_state_manager.go:59.2,60.12 2 1
github.com/talkincode/toughradius/v9/internal/radiusd/plugins/eap/statemanager/memory_state_manager.go:64.64,70.2 4 1
github.com/talkincode/toughradius/v9/internal/radiusd/plugins/eap/handlers/md5_handler.go:21.34,23.2 1 1
github.com/talkincode/toughradius/v9/internal/radiusd/plugins/eap/handlers/md5_handler.go:26.36,28.2 1 1
github.com/talkincode/toughradius/v9/internal/radiusd/plugins/eap/handlers/md5_handler.go:31.38,33.2 1 1
github.com/talkincode/toughradius/v9/internal/radiusd/plugins/eap/handlers/md5_handler.go:36.58,37.27 1 1
github.com/talkincode/toughradius/v9/internal/radiusd/plugins/eap/handlers/md5_handler.go:37.27,39.3 1 1
github.com/talkincode/toughradius/v9/internal/radiusd/plugins/eap/handlers/md5_handler.go:40.2,40.52 1 1
github.com/talkincode/toughradius/v9/internal/radiusd/plugins/eap/handlers/md5_handler.go:44.72,47.16 2 0
github.com/talkincode/toughradius/v9/internal/radiusd/plugins/eap/handlers/md5_handler.go:47.16,49.3 1 0
github.com/talkincode/toughradius/v9/internal/radiusd/plugins/eap/handlers/md5_handler.go:52.2,69.66 6 0
github.com/talkincode/toughradius/v9/internal/radiusd/plugins/eap/handlers/md5_handler.go:69.66,71.3 1 0
github.com/talkincode/toughradius/v9/internal/radiusd/plugins/eap/handlers/md5_handler.go:74.2,80.49 3 0
github.com/talkincode/toughradius/v9/internal/radiusd/plugins/eap/handlers/md5_handler.go:84.72,87.19 2 0
github.com/talkincode/toughradius/v9/internal/radiusd/plugins/eap/handlers/md5_handler.go:87.19,89.3 1 0
github.com/talkincode/toughradius/v9/internal/radiusd/plugins/eap/handlers/md5_handler.go:91.2,92.16 2 0
github.com/talkincode/toughradius/v9/internal/radiusd/plugins/eap/handlers/md5_handler.go:92.16,94.3 1 0
github.com/talkincode/toughradius/v9/internal/radiusd/plugins/eap/handlers/md5_handler.go:97.2,98.16 2 0
github.com/talkincode/toughradius/v9/internal/radiusd/plugins/eap/handlers/md5_handler.go:98.16,100.3 1 0
github.com/talkincode/toughradius/v9/internal/radiusd/plugins/eap/handlers/md5_handler.go:103.2,103.101 1 0
github.com/talkincode/toughradius/v9/internal/radiusd/plugins/eap/handlers/md5_handler.go:103.101,105.3 1 0
github.com/talkincode/toughradius/v9/internal/radiusd/plugins/eap/handlers/md5_handler.go:108.2,111.18 3 0
github.com/talkincode/toughradius/v9/internal/radiusd/plugins/eap/handlers/md5_handler.go:115.87,133.2 12 1
github.com/talkincode/toughradius/v9/internal/radiusd/plugins/eap/handlers/md5_handler.go:137.108,138.23 1 1
github.com/talkincode/toughradius/v9/internal/radiusd/plugins/eap/handlers/md5_handler.go:138.23,140.3 1 1
github.com/talkincode/toughradius/v9/internal/radiusd/plugins/eap/handlers/md5_handler.go:144.2,153.60 7 0
github.com/talkincode/toughradius/v9/internal/radiusd/plugins/eap/handlers/mschapv2_handler.go:35.44,37.2 1 1
github.com/talkincode/toughradius/v9/internal/radiusd/plugins/eap/handlers/mschapv2_handler.go:40.41,42.2 1 1
github.com/talkincode/toughradius/v9/internal/radiusd/plugins/eap/handlers/mschapv2_handler.go:45.43,47.2 1 1
github.com/talkincode/toughradius/v9/internal/radiusd/plugins/eap/handlers/mschapv2_handler.go:50.63,51.27 1 1
github.com/talkincode/toughradius/v9/internal/radiusd/plugins/eap/handlers/mschapv2_handler.go:51.27,53.3 1 1
github.com/talkincode/toughradius/v9/internal/radiusd/plugins/eap/handlers/mschapv2_handler.go:54.2,54.48 1 1
github.com/talkincode/toughradius/v9/internal/radiusd/plugins/eap/handlers/mschapv2_handler.go:58.77,61.16 2 1
github.com/talkincode/toughradius/v9/internal/radiusd/plugins/eap/handlers/mschapv2_handler.go:61.16,63.3 1 0
github.com/talkincode/toughradius/v9/internal/radiusd/plugins/eap/handlers/mschapv2_handler.go:66.2,87.66 7 1
github.com/talkincode/toughradius/v9/internal/radiusd/plugins/eap/handlers/mschapv2_handler.go:87.66,89.3 1 0
github.com/talkincode/toughradius/v9/internal/radiusd/plugins/eap/handlers/mschapv2_handler.go:92.2,98.49 3 1
github.com/talkincode/toughradius/v9/internal/radiusd/plugins/eap/handlers/mschapv2_handler.go:102.77,105.19 2 0
github.com/talkincode/toughradius/v9/internal/radiusd/plugins/eap/handlers/mschapv2_handler.go:105.19,107.3 1 0
github.com/talkincode/toughradius/v9/internal/radiusd/plugins/eap/handlers/mschapv2_handler.go:109.2,110.16 2 0
github.com/talkincode/toughradius/v9/internal/radiusd/plugins/eap/handlers/mschapv2_handler.go:110.16,112.3 1 0
github.com/talkincode/toughradius/v9/internal/radiusd/plugins/eap/handlers/mschapv2_handler.go:115.2,116.16 2 0
github.com/talkincode/toughradius/v9/internal/radiusd/plugins/eap/handlers/mschapv2_handler.go:116.16,118.3 1 0
github.com/talkincode/toughradius/v9/internal/radiusd/plugins/eap/handlers/mschapv2_handler.go:121.2,122.16 2 0
github.com/talkincode/toughradius/v9/internal/radiusd/plugins/eap/handlers/mschapv2_handler.go:122.16,124.3 1 0
github.com/talkincode/toughradius/v9/internal/radiusd/plugins/eap/handlers/mschapv2_handler.go:127.2,137.16 2 0
github.com/talkincode/toughradius/v9/internal/radiusd/plugins/eap/handlers/mschapv2_handler.go:137.16,139.3 1 0
github.com/talkincode/toughradius/v9/internal/radiusd/plugins/eap/handlers/mschapv2_handler.go:141.2,141.14 1 0
github.com/talkincode/toughradius/v9/internal/radiusd/plugins/eap/handlers/mschapv2_handler.go:141.14,143.3 1 0
github.com/talkincode/toughradius/v9/internal/radiusd/plugins/eap/handlers/mschapv2_handler.go:146.2,149.18 3 0
github.com/talkincode/toughradius/v9/internal/radiusd/plugins/eap/handlers/mschapv2_handler.go:156.92,187.2 16 1
github.com/talkincode/toughradius/v9/internal/radiusd/plugins/eap/handlers/mschapv2_handler.go:206.85,207.19 1 1
github.com/talkincode/toughradius/v9/internal/radiusd/plugins/eap/handlers/mschapv2_handler.go:207.19,209.3 1 1
github.com/talkincode/toughradius/v9/internal/radiusd/plugins/eap/handlers/mschapv2_handler.go:211.2,221.37 8 1
github.com/talkincode/toughradius/v9/internal/radiusd/plugins/eap/handlers/mschapv2_handler.go:221.37,223.3 1 0
github.com/talkincode/toughradius/v9/internal/radiusd/plugins/eap/handlers/mschapv2_handler.go:225.2,225.42 1 1
github.com/talkincode/toughradius/v9/internal/radiusd/plugins/eap/handlers/mschapv2_handler.go:225.42,227.3 1 0
github.com/talkincode/toughradius/v9/internal/radiusd/plugins/eap/handlers/mschapv2_handler.go:230.2,230.44 1 1
github.com/talkincode/toughradius/v9/internal/radiusd/plugins/eap/handlers/mschapv2_handler.go:230.44,233.3 1 0
github.com/talkincode/toughradius/v9/internal/radiusd/plugins/eap/handlers/mschapv2_handler.go:236.2,243.24 6 1
github.com/talkincode/toughradius/v9/internal/radiusd/plugins/eap/handlers/mschapv2_handler.go:243.24,245.3 1 1
github.com/talkincode/toughradius/v9/internal/radiusd/plugins/eap/handlers/mschapv2_handler.go:247.2,247.18 1 1
github.com/talkincode/toughradius/v9/internal/radiusd/plugins/eap/handlers/mschapv2_handler.go:259.17,270.16 4 1
github.com/talkincode/toughradius/v9/internal/radiusd/plugins/eap/handlers/mschapv2_handler.go:270.16,272.3 1 0
github.com/talkincode/toughradius/v9/internal/radiusd/plugins/eap/handlers/mschapv2_handler.go:275.2,275.50 1 1
github.com/talkincode/toughradius/v9/internal/radiusd/plugins/eap/handlers/mschapv2_handler.go:275.50,277.3 1 1
github.com/talkincode/toughradius/v9/internal/radiusd/plugins/eap/handlers/mschapv2_handler.go:280.2,281.16 2 0
github.com/talkincode/toughradius/v9/internal/radiusd/plugins/eap/handlers/mschapv2_handler.go:281.16,283.3 1 0
github.com/talkincode/toughradius/v9/internal/radiusd/plugins/eap/handlers/mschapv2_handler.go:285.2,286.16 2 0
github.com/talkincode/toughradius/v9/internal/radiusd/plugins/eap/handlers/mschapv2_handler.go:286.16,288.3 1 0
github.com/talkincode/toughradius/v9/internal/radiusd/plugins/eap/handlers/mschapv2_handler.go:291.2,298.16 2 0
github.com/talkincode/toughradius/v9/internal/radiusd/plugins/eap/handlers/mschapv2_handler.go:298.16,300.3 1 0
github.com/talkincode/toughradius/v9/internal/radiusd/plugins/eap/handlers/mschapv2_handler.go:304.2,317.18 9 0
github.com/talkincode/toughradius/v9/internal/radiusd/plugins/eap/handlers/otp_handler.go:19.34,21.2 1 1
github.com/talkincode/toughradius/v9/internal/radiusd/plugins/eap/handlers/otp_handler.go:24.36,26.2 1 1
github.com/talkincode/toughradius/v9/internal/radiusd/plugins/eap/handlers/otp_handler.go:29.38,31.2 1 1
github.com/talkincode/toughradius/v9/internal/radiusd/plugins/eap/handlers/otp_handler.go:34.58,35.27 1 1
github.com/talkincode/toughradius/v9/internal/radiusd/plugins/eap/handlers/otp_handler.go:35.27,37.3 1 1
github.com/talkincode/toughradius/v9/internal/radiusd/plugins/eap/handlers/otp_handler.go:38.2,38.43 1 1
github.com/talkincode/toughradius/v9/internal/radiusd/plugins/eap/handlers/otp_handler.go:42.72,64.66 7 0
github.com/talkincode/toughradius/v9/internal/radiusd/plugins/eap/handlers/otp_handler.go:64.66,66.3 1 0
github.com/talkincode/toughradius/v9/internal/radiusd/plugins/eap/handlers/otp_handler.go:69.2,75.49 3 0
github.com/talkincode/toughradius/v9/internal/radiusd/plugins/eap/handlers/otp_handler.go:79.72,82.19 2 0
github.com/talkincode/toughradius/v9/internal/radiusd/plugins/eap/handlers/otp_handler.go:82.19,84.3 1 0
github.com/talkincode/toughradius/v9/internal/radiusd/plugins/eap/handlers/otp_handler.go:86.2,87.16 2 0
github.com/talkincode/toughradius/v9/internal/radiusd/plugins/eap/handlers/otp_handler.go:87.16,89.3 1 0
github.com/talkincode/toughradius/v9/internal/radiusd/plugins/eap/handlers/otp_handler.go:93.2,99.28 3 0
github.com/talkincode/toughradius/v9/internal/radiusd/plugins/eap/handlers/otp_handler.go:99.28,101.3 1 0
github.com/talkincode/toughradius/v9/internal/radiusd/plugins/eap/handlers/otp_handler.go:104.2,107.18 3 0
github.com/talkincode/toughradius/v9/internal/radiusd/plugins/eap/handlers/otp_handler.go:111.87,127.2 10 1
github.com/talkincode/toughradius/v9/internal/radiusd/registry/registry.go:27.30,36.2 1 1
github.com/talkincode/toughradius/v9/internal/radiusd/registry/registry.go:39.66,43.2 3 1
github.com/talkincode/toughradius/v9/internal/radiusd/registry/registry.go:46.55,51.54 4 1
github.com/talkincode/toughradius/v9/internal/radiusd/registry/registry.go:51.54,53.3 1 1
github.com/talkincode/toughradius/v9/internal/radiusd/registry/registry.go:54.2,54.19 1 1
github.com/talkincode/toughradius/v9/internal/radiusd/registry/registry.go:58.71,63.2 4 1
github.com/talkincode/toughradius/v9/internal/radiusd/registry/registry.go:66.56,71.64 4 1
github.com/talkincode/toughradius/v9/internal/radiusd/registry/registry.go:71.64,73.3 1 1
github.com/talkincode/toughradius/v9/internal/radiusd/registry/registry.go:77.47,84.2 5 1
github.com/talkincode/toughradius/v9/internal/radiusd/registry/registry.go:87.63,91.2 3 1
github.com/talkincode/toughradius/v9/internal/radiusd/registry/registry.go:94.53,100.2 5 1
github.com/talkincode/toughradius/v9/internal/radiusd/registry/registry.go:103.42,107.2 3 1
github.com/talkincode/toughradius/v9/internal/radiusd/registry/registry.go:110.35,116.2 5 1
github.com/talkincode/toughradius/v9/internal/radiusd/registry/registry.go:119.65,125.2 1 0
github.com/talkincode/toughradius/v9/internal/radiusd/registry/registry.go:128.79,130.30 2 0
github.com/talkincode/toughradius/v9/internal/radiusd/registry/registry.go:130.30,132.3 1 0
github.com/talkincode/toughradius/v9/internal/radiusd/registry/registry.go:134.2,135.30 2 0
github.com/talkincode/toughradius/v9/internal/radiusd/registry/registry.go:135.30,137.3 1 0
github.com/talkincode/toughradius/v9/internal/radiusd/registry/registry.go:138.2,138.19 1 0
github.com/talkincode/toughradius/v9/internal/radiusd/registry/registry.go:142.84,147.2 1 0
github.com/talkincode/toughradius/v9/internal/radiusd/registry/registry.go:150.97,152.31 2 0
github.com/talkincode/toughradius/v9/internal/radiusd/registry/registry.go:152.31,154.3 1 0
github.com/talkincode/toughradius/v9/internal/radiusd/registry/registry.go:155.2,155.19 1 0
github.com/talkincode/toughradius/v9/internal/radiusd/registry/registry.go:159.70,163.2 3 1
github.com/talkincode/toughradius/v9/internal/radiusd/registry/registry.go:166.61,172.2 5 1
github.com/talkincode/toughradius/v9/internal/radiusd/registry/registry.go:175.49,179.2 3 1
github.com/talkincode/toughradius/v9/internal/radiusd/registry/registry.go:182.58,187.2 4 1
github.com/talkincode/toughradius/v9/internal/radiusd/registry/registry.go:190.51,194.47 4 1
github.com/talkincode/toughradius/v9/internal/radiusd/registry/registry.go:194.47,196.3 1 1
github.com/talkincode/toughradius/v9/internal/radiusd/registry/registry.go:197.2,197.17 1 1
github.com/talkincode/toughradius/v9/internal/radiusd/registry/registry.go:201.69,206.2 4 1
github.com/talkincode/toughradius/v9/internal/radiusd/registry/registry.go:210.36,212.2 1 1
github.com/talkincode/toughradius/v9/internal/radiusd/registry/registry.go:215.21,217.2 1 1
github.com/talkincode/toughradius/v9/internal/radiusd/acct_plugin_runner.go:24.9,27.27 2 1
github.com/talkincode/toughradius/v9/internal/radiusd/acct_plugin_runner.go:27.27,29.3 1 0
github.com/talkincode/toughradius/v9/internal/radiusd/acct_plugin_runner.go:33.2,48.24 4 1
github.com/talkincode/toughradius/v9/internal/radiusd/acct_plugin_runner.go:48.24,50.3 1 1
github.com/talkincode/toughradius/v9/internal/radiusd/acct_plugin_runner.go:53.2,53.35 1 1
github.com/talkincode/toughradius/v9/internal/radiusd/acct_plugin_runner.go:53.35,54.33 1 1
github.com/talkincode/toughradius/v9/internal/radiusd/acct_plugin_runner.go:54.33,56.18 2 1
github.com/talkincode/toughradius/v9/internal/radiusd/acct_plugin_runner.go:56.18,65.5 2 0
github.com/talkincode/toughradius/v9/internal/radiusd/acct_plugin_runner.go:68.4,68.22 1 1
github.com/talkincode/toughradius/v9/internal/radiusd/acct_plugin_runner.go:69.11,73.6 1 0
github.com/talkincode/toughradius/v9/internal/radiusd/acct_plugin_runner.go:74.11,78.6 1 0
github.com/talkincode/toughradius/v9/internal/radiusd/acct_plugin_runner.go:81.4,81.14 1 1
github.com/talkincode/toughradius/v9/internal/radiusd/acct_plugin_runner.go:85.2,85.70 1 1
github.com/talkincode/toughradius/v9/internal/radiusd/auth_pipeline.go:24.35,26.2 1 1
github.com/talkincode/toughradius/v9/internal/radiusd/auth_pipeline.go:28.61,30.2 1 1
github.com/talkincode/toughradius/v9/internal/radiusd/auth_pipeline.go:32.87,34.2 1 1
github.com/talkincode/toughradius/v9/internal/radiusd/auth_pipeline.go:43.38,45.2 1 1
github.com/talkincode/toughradius/v9/internal/radiusd/auth_pipeline.go:48.67,53.2 4 1
github.com/talkincode/toughradius/v9/internal/radiusd/auth_pipeline.go:56.83,60.15 4 1
github.com/talkincode/toughradius/v9/internal/radiusd/auth_pipeline.go:60.15,62.3 1 1
github.com/talkincode/toughradius/v9/internal/radiusd/auth_pipeline.go:63.2,64.12 2 1
github.com/talkincode/toughradius/v9/internal/radiusd/auth_pipeline.go:68.82,72.15 4 1
github.com/talkincode/toughradius/v9/internal/radiusd/auth_pipeline.go:72.15,74.3 1 1
github.com/talkincode/toughradius/v9/internal/radiusd/auth_pipeline.go:75.2,77.12 3 1
github.com/talkincode/toughradius/v9/internal/radiusd/auth_pipeline.go:81.78,85.15 4 1
github.com/talkincode/toughradius/v9/internal/radiusd/auth_pipeline.go:85.15,87.3 1 1
github.com/talkincode/toughradius/v9/internal/radiusd/auth_pipeline.go:88.2,89.12 2 1
github.com/talkincode/toughradius/v9/internal/radiusd/auth_pipeline.go:93.52,97.15 4 1
github.com/talkincode/toughradius/v9/internal/radiusd/auth_pipeline.go:97.15,99.3 1 1
github.com/talkincode/toughradius/v9/internal/radiusd/auth_pipeline.go:100.2,101.12 2 1
github.com/talkincode/toughradius/v9/internal/radiusd/auth_pipeline.go:105.53,111.2 5 1
github.com/talkincode/toughradius/v9/internal/radiusd/auth_pipeline.go:114.64,120.31 5 1
github.com/talkincode/toughradius/v9/internal/radiusd/auth_pipeline.go:120.31,121.22 1 1
github.com/talkincode/toughradius/v9/internal/radiusd/auth_pipeline.go:121.22,122.9 1 1
github.com/talkincode/toughradius/v9/internal/radiusd/auth_pipeline.go:124.3,124.44 1 1
github.com/talkincode/toughradius/v9/internal/radiusd/auth_pipeline.go:124.44,126.4 1 1
github.com/talkincode/toughradius/v9/internal/radiusd/auth_pipeline.go:128.2,128.12 1 1
github.com/talkincode/toughradius/v9/internal/radiusd/auth_pipeline.go:131.49,132.35 1 1
github.com/talkincode/toughradius/v9/internal/radiusd/auth_pipeline.go:132.35,133.27 1 1
github.com/talkincode/toughradius/v9/internal/radiusd/auth_pipeline.go:133.27,135.4 1 1
github.com/talkincode/toughradius/v9/internal/radiusd/auth_pipeline.go:137.2,137.11 1 1
github.com/talkincode/toughradius/v9/internal/radiusd/auth_pipeline.go:168.116,177.2 1 1
github.com/talkincode/toughradius/v9/internal/radiusd/auth_pipeline.go:180.40,182.2 1 1
github.com/talkincode/toughradius/v9/internal/radiusd/auth_pipeline.go:185.50,187.2 1 1
github.com/talkincode/toughradius/v9/internal/radiusd/auth_plugin_runner.go:23.48,24.39 1 1
github.com/talkincode/toughradius/v9/internal/radiusd/auth_plugin_runner.go:24.39,26.3 1 1
github.com/talkincode/toughradius/v9/internal/radiusd/auth_plugin_runner.go:39.9,42.27 2 1
github.com/talkincode/toughradius/v9/internal/radiusd/auth_plugin_runner.go:42.27,43.17 1 1
github.com/talkincode/toughradius/v9/internal/radiusd/auth_plugin_runner.go:43.17,45.4 1 1
github.com/talkincode/toughradius/v9/internal/radiusd/auth_plugin_runner.go:49.2,65.51 4 1
github.com/talkincode/toughradius/v9/internal/radiusd/auth_plugin_runner.go:65.51,67.17 2 1
github.com/talkincode/toughradius/v9/internal/radiusd/auth_plugin_runner.go:67.17,69.4 1 0
github.com/talkincode/toughradius/v9/internal/radiusd/auth_plugin_runner.go:71.3,71.79 1 1
github.com/talkincode/toughradius/v9/internal/radiusd/auth_plugin_runner.go:71.79,73.4 1 1
github.com/talkincode/toughradius/v9/internal/radiusd/auth_plugin_runner.go:77.2,77.16 1 1
github.com/talkincode/toughradius/v9/internal/radiusd/auth_plugin_runner.go:77.16,78.66 1 1
github.com/talkincode/toughradius/v9/internal/radiusd/auth_plugin_runner.go:78.66,80.4 1 0
github.com/talkincode/toughradius/v9/internal/radiusd/auth_plugin_runner.go:83.2,83.12 1 1
github.com/talkincode/toughradius/v9/internal/radiusd/auth_plugin_runner.go:91.9,96.39 2 1
github.com/talkincode/toughradius/v9/internal/radiusd/auth_plugin_runner.go:96.39,97.35 1 1
github.com/talkincode/toughradius/v9/internal/radiusd/auth_plugin_runner.go:97.35,99.4 1 1
github.com/talkincode/toughradius/v9/internal/radiusd/auth_plugin_runner.go:103.2,103.90 1 0
github.com/talkincode/toughradius/v9/internal/radiusd/auth_plugin_runner.go:110.9,115.35 2 1
github.com/talkincode/toughradius/v9/internal/radiusd/auth_plugin_runner.go:115.35,116.53 1 1
github.com/talkincode/toughradius/v9/internal/radiusd/auth_plugin_runner.go:116.53,118.4 1 0
github.com/talkincode/toughradius/v9/internal/radiusd/auth_plugin_runner.go:121.2,121.12 1 1
github.com/talkincode/toughradius/v9/internal/radiusd/auth_stages.go:26.47,37.31 2 1
github.com/talkincode/toughradius/v9/internal/radiusd/auth_stages.go:37.31,39.3 1 1
github.com/talkincode/toughradius/v9/internal/radiusd/auth_stages.go:42.76,48.57 4 1
github.com/talkincode/toughradius/v9/internal/radiusd/auth_stages.go:48.57,50.3 1 0
github.com/talkincode/toughradius/v9/internal/radiusd/auth_stages.go:52.2,53.16 2 1
github.com/talkincode/toughradius/v9/internal/radiusd/auth_stages.go:53.16,55.3 1 0
github.com/talkincode/toughradius/v9/internal/radiusd/auth_stages.go:55.8,57.3 1 1
github.com/talkincode/toughradius/v9/internal/radiusd/auth_stages.go:59.2,63.24 4 1
github.com/talkincode/toughradius/v9/internal/radiusd/auth_stages.go:63.24,66.3 1 0
github.com/talkincode/toughradius/v9/internal/radiusd/auth_stages.go:68.2,68.12 1 1
github.com/talkincode/toughradius/v9/internal/radiusd/auth_stages.go:71.70,76.16 4 1
github.com/talkincode/toughradius/v9/internal/radiusd/auth_stages.go:76.16,81.3 4 1
github.com/talkincode/toughradius/v9/internal/radiusd/auth_stages.go:83.2,83.12 1 1
github.com/talkincode/toughradius/v9/internal/radiusd/auth_stages.go:86.70,87.15 1 1
github.com/talkincode/toughradius/v9/internal/radiusd/auth_stages.go:87.15,89.3 1 0
github.com/talkincode/toughradius/v9/internal/radiusd/auth_stages.go:90.2,93.12 4 1
github.com/talkincode/toughradius/v9/internal/radiusd/auth_stages.go:96.74,97.20 1 1
github.com/talkincode/toughradius/v9/internal/radiusd/auth_stages.go:97.20,99.3 1 0
github.com/talkincode/toughradius/v9/internal/radiusd/auth_stages.go:100.2,110.12 5 1
github.com/talkincode/toughradius/v9/internal/radiusd/auth_stages.go:113.69,118.2 4 1
github.com/talkincode/toughradius/v9/internal/radiusd/auth_stages.go:120.72,121.38 1 1
github.com/talkincode/toughradius/v9/internal/radiusd/auth_stages.go:121.38,123.3 1 1
github.com/talkincode/toughradius/v9/internal/radiusd/auth_stages.go:125.2,135.19 2 0
github.com/talkincode/toughradius/v9/internal/radiusd/auth_stages.go:135.19,144.3 5 0
github.com/talkincode/toughradius/v9/internal/radiusd/auth_stages.go:146.2,146.13 1 0
github.com/talkincode/toughradius/v9/internal/radiusd/auth_stages.go:146.13,147.14 1 0
github.com/talkincode/toughradius/v9/internal/radiusd/auth_stages.go:147.14,149.18 2 0
github.com/talkincode/toughradius/v9/internal/radiusd/auth_stages.go:149.18,154.5 4 0
github.com/talkincode/toughradius/v9/internal/radiusd/auth_stages.go:155.4,155.35 1 0
github.com/talkincode/toughradius/v9/internal/radiusd/auth_stages.go:157.3,157.13 1 0
github.com/talkincode/toughradius/v9/internal/radiusd/auth_stages.go:160.2,160.12 1 0
github.com/talkincode/toughradius/v9/internal/radiusd/auth_stages.go:163.71,164.21 1 1
github.com/talkincode/toughradius/v9/internal/radiusd/auth_stages.go:164.21,166.3 1 0
github.com/talkincode/toughradius/v9/internal/radiusd/auth_stages.go:168.2,173.12 5 1
github.com/talkincode/toughradius/v9/internal/radiusd/auth_stages.go:176.84,178.25 2 1
github.com/talkincode/toughradius/v9/internal/radiusd/auth_stages.go:178.25,180.3 1 0
github.com/talkincode/toughradius/v9/internal/radiusd/auth_stages.go:182.2,182.39 1 1
github.com/talkincode/toughradius/v9/internal/radiusd/auth_stages.go:182.39,188.3 2 0
github.com/talkincode/toughradius/v9/internal/radiusd/auth_stages.go:190.2,192.37 2 1
github.com/talkincode/toughradius/v9/internal/radiusd/auth_stages.go:192.37,193.107 1 0
github.com/talkincode/toughradius/v9/internal/radiusd/auth_stages.go:193.107,198.4 1 0
github.com/talkincode/toughradius/v9/internal/radiusd/auth_stages.go:199.3,199.40 1 0
github.com/talkincode/toughradius/v9/internal/radiusd/auth_stages.go:200.8,202.3 1 1
github.com/talkincode/toughradius/v9/internal/radiusd/auth_stages.go:204.2,205.22 2 1
github.com/talkincode/toughradius/v9/internal/radiusd/auth_stages.go:205.22,207.3 1 0
github.com/talkincode/toughradius/v9/internal/radiusd/auth_stages.go:209.2,209.21 1 1
github.com/talkincode/toughradius/v9/internal/radiusd/auth_stages.go:209.21,212.3 2 1
github.com/talkincode/toughradius/v9/internal/radiusd/auth_stages.go:214.2,221.3 1 1
github.com/talkincode/toughradius/v9/internal/radiusd/auth_stages.go:224.65,226.18 2 1
github.com/talkincode/toughradius/v9/internal/radiusd/auth_stages.go:226.18,228.3 1 0
github.com/talkincode/toughradius/v9/internal/radiusd/auth_stages.go:229.2,229.36 1 1
github.com/talkincode/toughradius/v9/internal/radiusd/auth_stages.go:229.36,231.3 1 1
github.com/talkincode/toughradius/v9/internal/radiusd/auth_stages.go:232.2,232.47 1 0
github.com/talkincode/toughradius/v9/internal/radiusd/auth_stages.go:232.47,234.3 1 0
github.com/talkincode/toughradius/v9/internal/radiusd/auth_stages.go:235.2,235.54 1 0
github.com/talkincode/toughradius/v9/internal/radiusd/auth_stages.go:235.54,236.51 1 0
github.com/talkincode/toughradius/v9/internal/radiusd/auth_stages.go:236.51,243.4 2 0
github.com/talkincode/toughradius/v9/internal/radiusd/auth_stages.go:245.2,245.46 1 0
github.com/talkincode/toughradius/v9/internal/radiusd/auth_stages.go:245.46,252.3 2 0
github.com/talkincode/toughradius/v9/internal/radiusd/auth_stages.go:253.2,253.15 1 0
github.com/talkincode/toughradius/v9/internal/radiusd/auth_stages.go:256.40,257.27 1 1
github.com/talkincode/toughradius/v9/internal/radiusd/auth_stages.go:257.27,259.3 1 1
github.com/talkincode/toughradius/v9/internal/radiusd/auth_stages.go:260.2,261.27 2 0
github.com/talkincode/toughradius/v9/internal/radiusd/auth_stages.go:264.58,266.19 2 1
github.com/talkincode/toughradius/v9/internal/radiusd/auth_stages.go:266.19,268.3 1 0
github.com/talkincode/toughradius/v9/internal/radiusd/auth_stages.go:269.2,270.19 2 1
github.com/talkincode/toughradius/v9/internal/radiusd/auth_stages.go:270.19,272.3 1 0
github.com/talkincode/toughradius/v9/internal/radiusd/auth_stages.go:274.2,275.29 2 1
github.com/talkincode/toughradius/v9/internal/radiusd/auth_stages.go:275.29,277.3 1 1
github.com/talkincode/toughradius/v9/internal/radiusd/auth_stages.go:279.2,283.29 4 0
github.com/talkincode/toughradius/v9/internal/radiusd/auth_stages.go:283.29,285.17 2 0
github.com/talkincode/toughradius/v9/internal/radiusd/auth_stages.go:285.17,286.12 1 0
github.com/talkincode/toughradius/v9/internal/radiusd/auth_stages.go:288.3,288.18 1 0
github.com/talkincode/toughradius/v9/internal/radiusd/auth_stages.go:288.18,290.4 1 0
github.com/talkincode/toughradius/v9/internal/radiusd/auth_stages.go:291.3,291.30 1 0
github.com/talkincode/toughradius/v9/internal/radiusd/auth_stages.go:291.30,292.12 1 0
github.com/talkincode/toughradius/v9/internal/radiusd/auth_stages.go:294.3,295.34 2 0
github.com/talkincode/toughradius/v9/internal/radiusd/auth_stages.go:298.2,298.16 1 0
github.com/talkincode/toughradius/v9/internal/radiusd/auth_stages.go:301.57,303.23 2 1
github.com/talkincode/toughradius/v9/internal/radiusd/auth_stages.go:303.23,307.3 3 1
github.com/talkincode/toughradius/v9/internal/radiusd/auth_stages.go:309.2,310.31 2 0
github.com/talkincode/toughradius/v9/internal/radiusd/auth_stages.go:310.31,312.3 1 0
github.com/talkincode/toughradius/v9/internal/radiusd/auth_stages.go:313.2,314.16 2 0
github.com/talkincode/toughradius/v9/internal/radiusd/eap_helper.go:20.94,29.30 4 1
github.com/talkincode/toughradius/v9/internal/radiusd/eap_helper.go:29.30,31.3 1 0
github.com/talkincode/toughradius/v9/internal/radiusd/eap_helper.go:34.2,41.3 3 1
github.com/talkincode/toughradius/v9/internal/radiusd/eap_helper.go:54.43,65.2 3 1
github.com/talkincode/toughradius/v9/internal/radiusd/eap_helper.go:73.9,75.2 1 1
github.com/talkincode/toughradius/v9/internal/radiusd/eap_helper.go:83.9,85.2 1 1
github.com/talkincode/toughradius/v9/internal/radiusd/eap_helper.go:88.57,90.2 1 1
github.com/talkincode/toughradius/v9/internal/radiusd/eap_helper.go:93.59,95.2 1 1
github.com/talkincode/toughradius/v9/internal/radiusd/eap_helper.go:102.97,104.31 2 1
github.com/talkincode/toughradius/v9/internal/radiusd/eap_helper.go:104.31,106.17 2 1
github.com/talkincode/toughradius/v9/internal/radiusd/eap_helper.go:106.17,107.12 1 0
github.com/talkincode/toughradius/v9/internal/radiusd/eap_helper.go:109.3,109.32 1 1
github.com/talkincode/toughradius/v9/internal/radiusd/eap_helper.go:111.2,111.26 1 1
github.com/talkincode/toughradius/v9/internal/radiusd/eap_helper.go:111.26,113.3 1 1
github.com/talkincode/toughradius/v9/internal/radiusd/eap_helper.go:114.2,114.66 1 1
github.com/talkincode/toughradius/v9/internal/radiusd/eap_helper.go:117.84,118.31 1 1
github.com/talkincode/toughradius/v9/internal/radiusd/eap_helper.go:118.31,120.3 1 0
github.com/talkincode/toughradius/v9/internal/radiusd/eap_helper.go:121.2,122.9 2 1
github.com/talkincode/toughradius/v9/internal/radiusd/eap_helper.go:122.9,124.3 1 0
github.com/talkincode/toughradius/v9/internal/radiusd/eap_helper.go:125.2,125.25 1 1
github.com/talkincode/toughradius/v9/internal/radiusd/eap_helper.go:125.25,127.3 1 0
[...]
github.com/talkincode/toughradius/v9/internal/radiusd/radius.go:182.3,182.18 1 0
github.com/talkincode/toughradius/v9/internal/radiusd/radius.go:184.2,184.18 1 0
github.com/talkincode/toughradius/v9/internal/radiusd/radius.go:188.91,190.16 2 0
github.com/talkincode/toughradius/v9/internal/radiusd/radius.go:190.16,192.3 1 0
github.com/talkincode/toughradius/v9/internal/radiusd/radius.go:196.72,198.2 1 0
github.com/talkincode/toughradius/v9/internal/radiusd/radius.go:201.73,203.2 1 0
github.com/talkincode/toughradius/v9/internal/radiusd/radius.go:206.73,208.2 1 0
github.com/talkincode/toughradius/v9/internal/radiusd/radius.go:211.63,213.2 1 1
github.com/talkincode/toughradius/v9/internal/radiusd/radius.go:215.47,218.2 1 1
github.com/talkincode/toughradius/v9/internal/radiusd/radius.go:221.52,223.2 1 1
github.com/talkincode/toughradius/v9/internal/radiusd/radius.go:226.53,228.2 1 1
github.com/talkincode/toughradius/v9/internal/radiusd/radius.go:230.73,231.24 1 0
github.com/talkincode/toughradius/v9/internal/radiusd/radius.go:232.26,233.93 1 0
github.com/talkincode/toughradius/v9/internal/radiusd/radius.go:234.10,235.12 1 0
github.com/talkincode/toughradius/v9/internal/radiusd/radius.go:239.129,245.54 5 0
github.com/talkincode/toughradius/v9/internal/radiusd/radius.go:245.54,248.3 2 0
github.com/talkincode/toughradius/v9/internal/radiusd/radius.go:249.2,275.3 1 0
github.com/talkincode/toughradius/v9/internal/radiusd/radius.go:281.67,285.8 4 1
github.com/talkincode/toughradius/v9/internal/radiusd/radius.go:285.8,286.96 1 1
github.com/talkincode/toughradius/v9/internal/radiusd/radius.go:286.96,288.4 1 1
github.com/talkincode/toughradius/v9/internal/radiusd/radius.go:289.3,289.36 1 1
github.com/talkincode/toughradius/v9/internal/radiusd/radius.go:291.2,295.12 2 1
github.com/talkincode/toughradius/v9/internal/radiusd/radius.go:298.63,302.2 3 1
github.com/talkincode/toughradius/v9/internal/radiusd/radius.go:305.71,308.2 2 0
github.com/talkincode/toughradius/v9/internal/radiusd/radius.go:311.87,341.12 2 0
github.com/talkincode/toughradius/v9/internal/radiusd/radius.go:341.12,343.3 1 0
github.com/talkincode/toughradius/v9/internal/radiusd/radius.go:344.2,344.67 1 0
github.com/talkincode/toughradius/v9/internal/radiusd/radius.go:348.67,351.2 2 0
github.com/talkincode/toughradius/v9/internal/radiusd/radius.go:354.66,357.2 2 0
github.com/talkincode/toughradius/v9/internal/radiusd/radius.go:360.80,362.2 1 0
github.com/talkincode/toughradius/v9/internal/radiusd/radius.go:365.79,375.2 2 0
github.com/talkincode/toughradius/v9/internal/radiusd/radius.go:378.68,380.2 1 0
github.com/talkincode/toughradius/v9/internal/radiusd/radius.go:383.66,385.2 1 0
github.com/talkincode/toughradius/v9/internal/radiusd/radius.go:388.74,390.2 1 0
github.com/talkincode/toughradius/v9/internal/radiusd/radius.go:392.35,395.2 2 1
github.com/talkincode/toughradius/v9/internal/radiusd/radius.go:399.77,401.16 2 0
github.com/talkincode/toughradius/v9/internal/radiusd/radius.go:401.16,402.13 1 0
github.com/talkincode/toughradius/v9/internal/radiusd/radius.go:405.2,405.22 1 0
github.com/talkincode/toughradius/v9/internal/radiusd/radius.go:405.22,406.21 1 0
github.com/talkincode/toughradius/v9/internal/radiusd/radius.go:409.2,416.52 8 0
github.com/talkincode/toughradius/v9/internal/radiusd/radius.go:416.52,417.21 1 0
github.com/talkincode/toughradius/v9/internal/radiusd/radius.go:422.99,432.2 3 1
github.com/talkincode/toughradius/v9/internal/radiusd/radius.go:435.82,439.8 4 1
github.com/talkincode/toughradius/v9/internal/radiusd/radius.go:439.8,441.3 1 1
github.com/talkincode/toughradius/v9/internal/radiusd/radius.go:442.2,442.43 1 1
github.com/talkincode/toughradius/v9/internal/radiusd/radius.go:446.56,450.2 3 1
github.com/talkincode/toughradius/v9/internal/radiusd/radius.go:452.97,453.15 1 1
github.com/talkincode/toughradius/v9/internal/radiusd/radius.go:453.15,455.3 1 0
github.com/talkincode/toughradius/v9/internal/radiusd/radius.go:456.2,456.27 1 1
github.com/talkincode/toughradius/v9/internal/radiusd/radius.go:459.85,460.39 1 1
github.com/talkincode/toughradius/v9/internal/radiusd/radius.go:460.39,462.3 1 0
github.com/talkincode/toughradius/v9/internal/radiusd/radius.go:463.2,465.29 3 1
github.com/talkincode/toughradius/v9/internal/radiusd/radius.go:465.29,467.3 1 0
github.com/talkincode/toughradius/v9/internal/radiusd/radius.go:468.2,468.29 1 1
github.com/talkincode/toughradius/v9/internal/radiusd/radius.go:468.29,470.3 1 0
github.com/talkincode/toughradius/v9/internal/radiusd/radius.go:479.3,488.59 3 1
github.com/talkincode/toughradius/v9/internal/radiusd/radius.go:488.59,489.56 1 1
github.com/talkincode/toughradius/v9/internal/radiusd/radius.go:489.56,493.4 1 0
github.com/talkincode/toughradius/v9/internal/radiusd/radius.go:497.106,500.21 3 0
github.com/talkincode/toughradius/v9/internal/radiusd/radius.go:500.21,502.3 1 0
github.com/talkincode/toughradius/v9/internal/radiusd/radius.go:503.2,506.16 4 0
github.com/talkincode/toughradius/v9/internal/radiusd/radius.go:506.16,513.3 2 0
github.com/talkincode/toughradius/v9/internal/radiusd/radius.go:514.2,520.3 1 0
github.com/talkincode/toughradius/v9/internal/radiusd/radius_acct.go:22.64,24.2 1 1
github.com/talkincode/toughradius/v9/internal/radiusd/radius_acct.go:26.79,27.15 1 1
github.com/talkincode/toughradius/v9/internal/radiusd/radius_acct.go:27.15,28.35 1 1
github.com/talkincode/toughradius/v9/internal/radiusd/radius_acct.go:28.35,30.10 2 0
github.com/talkincode/toughradius/v9/internal/radiusd/radius_acct.go:30.10,36.5 1 0
github.com/talkincode/toughradius/v9/internal/radiusd/radius_acct.go:40.2,40.14 1 1
github.com/talkincode/toughradius/v9/internal/radiusd/radius_acct.go:40.14,42.3 1 0
github.com/talkincode/toughradius/v9/internal/radiusd/radius_acct.go:44.2,44.30 1 1
github.com/talkincode/toughradius/v9/internal/radiusd/radius_acct.go:44.30,46.3 1 1
github.com/talkincode/toughradius/v9/internal/radiusd/radius_acct.go:49.2,64.60 10 1
github.com/talkincode/toughradius/v9/internal/radiusd/radius_acct.go:64.60,66.21 2 1
github.com/talkincode/toughradius/v9/internal/radiusd/radius_acct.go:66.21,68.4 1 0
github.com/talkincode/toughradius/v9/internal/radiusd/radius_acct.go:71.2,85.17 5 1
github.com/talkincode/toughradius/v9/internal/radiusd/radius_acct.go:85.17,94.17 4 1
github.com/talkincode/toughradius/v9/internal/radiusd/radius_acct.go:94.17,101.4 1 1
github.com/talkincode/toughradius/v9/internal/radiusd/radius_acct.go:104.2,104.48 1 1
github.com/talkincode/toughradius/v9/internal/radiusd/radius_acct.go:104.48,111.3 2 0
github.com/talkincode/toughradius/v9/internal/radiusd/radius_acct.go:114.80,117.16 3 1
github.com/talkincode/toughradius/v9/internal/radiusd/radius_acct.go:117.16,124.3 2 0
github.com/talkincode/toughradius/v9/internal/radiusd/radius_acct.go:126.2,126.30 1 1
github.com/talkincode/toughradius/v9/internal/radiusd/radius_acct.go:126.30,128.3 1 1
github.com/talkincode/toughradius/v9/internal/radiusd/radius_auth.go:25.64,34.2 6 1
github.com/talkincode/toughradius/v9/internal/radiusd/radius_auth.go:36.79,37.15 1 1
github.com/talkincode/toughradius/v9/internal/radiusd/radius_auth.go:37.15,38.35 1 1
github.com/talkincode/toughradius/v9/internal/radiusd/radius_auth.go:38.35,39.22 1 1
github.com/talkincode/toughradius/v9/internal/radiusd/radius_auth.go:40.15,47.28 3 1
github.com/talkincode/toughradius/v9/internal/radiusd/radius_auth.go:48.19,55.32 3 0
github.com/talkincode/toughradius/v9/internal/radiusd/radius_auth.go:60.2,60.14 1 1
github.com/talkincode/toughradius/v9/internal/radiusd/radius_auth.go:60.14,62.3 1 0
github.com/talkincode/toughradius/v9/internal/radiusd/radius_auth.go:64.2,64.30 1 1
github.com/talkincode/toughradius/v9/internal/radiusd/radius_auth.go:64.30,66.3 1 1
github.com/talkincode/toughradius/v9/internal/radiusd/radius_auth.go:68.2,70.15 3 1
github.com/talkincode/toughradius/v9/internal/radiusd/radius_auth.go:70.15,71.87 1 1
github.com/talkincode/toughradius/v9/internal/radiusd/radius_auth.go:71.87,73.4 1 1
github.com/talkincode/toughradius/v9/internal/radiusd/radius_auth.go:75.2,75.60 1 1
github.com/talkincode/toughradius/v9/internal/radiusd/radius_auth.go:75.60,77.3 1 0
github.com/talkincode/toughradius/v9/internal/radiusd/radius_auth.go:81.48,84.2 2 0
github.com/talkincode/toughradius/v9/internal/radiusd/radius_auth.go:86.99,87.15 1 1
github.com/talkincode/toughradius/v9/internal/radiusd/radius_auth.go:87.15,88.35 1 1
github.com/talkincode/toughradius/v9/internal/radiusd/radius_auth.go:88.35,90.10 2 0
github.com/talkincode/toughradius/v9/internal/radiusd/radius_auth.go:90.10,96.5 1 0
github.com/talkincode/toughradius/v9/internal/radiusd/radius_auth.go:100.2,102.24 2 1
github.com/talkincode/toughradius/v9/internal/radiusd/radius_auth.go:102.24,104.3 1 1
github.com/talkincode/toughradius/v9/internal/radiusd/radius_auth.go:106.2,106.30 1 1
github.com/talkincode/toughradius/v9/internal/radiusd/radius_auth.go:106.30,108.3 1 1
github.com/talkincode/toughradius/v9/internal/radiusd/radius_auth.go:112.89,113.15 1 1
github.com/talkincode/toughradius/v9/internal/radiusd/radius_auth.go:113.15,114.35 1 1
github.com/talkincode/toughradius/v9/internal/radiusd/radius_auth.go:114.35,116.10 2 0
github.com/talkincode/toughradius/v9/internal/radiusd/radius_auth.go:116.10,122.5 1 0
github.com/talkincode/toughradius/v9/internal/radiusd/radius_auth.go:126.2,128.16 3 1
github.com/talkincode/toughradius/v9/internal/radiusd/radius_auth.go:128.16,130.21 2 1
github.com/talkincode/toughradius/v9/internal/radiusd/radius_auth.go:130.21,132.4 1 0
github.com/talkincode/toughradius/v9/internal/radiusd/radius_auth.go:133.3,133.48 1 1
github.com/talkincode/toughradius/v9/internal/radiusd/radius_auth.go:136.2,138.24 2 1
github.com/talkincode/toughradius/v9/internal/radiusd/radius_auth.go:138.24,140.3 1 1
github.com/talkincode/toughradius/v9/internal/radiusd/radius_auth.go:143.2,143.30 1 1
github.com/talkincode/toughradius/v9/internal/radiusd/radius_auth.go:143.30,145.3 1 1
github.com/talkincode/toughradius/v9/internal/radiusd/radius_auth.go:158.3,159.16 1 1
github.com/talkincode/toughradius/v9/internal/radiusd/radius_auth.go:159.16,161.3 1 1
github.com/talkincode/toughradius/v9/internal/radiusd/radius_auth.go:163.2,164.44 2 1
github.com/talkincode/toughradius/v9/internal/radiusd/radius_auth.go:164.44,166.3 1 1
github.com/talkincode/toughradius/v9/internal/radiusd/radius_auth.go:168.2,173.20 2 1
github.com/talkincode/toughradius/v9/internal/radiusd/radius_auth.go:173.20,175.3 1 1
github.com/talkincode/toughradius/v9/internal/radiusd/radius_auth.go:176.2,176.17 1 1
github.com/talkincode/toughradius/v9/internal/radiusd/radius_auth.go:176.17,178.3 1 1
github.com/talkincode/toughradius/v9/internal/radiusd/radius_auth.go:180.2,189.49 2 1
github.com/talkincode/toughradius/v9/internal/radiusd/radius_auth.go:189.49,190.92 1 1
github.com/talkincode/toughradius/v9/internal/radiusd/radius_auth.go:190.92,191.19 1 1
github.com/talkincode/toughradius/v9/internal/radiusd/radius_auth.go:195.2,195.12 1 1
github.com/talkincode/toughradius/v9/internal/radiusd/radsec_server.go:34.67,36.16 2 0
github.com/talkincode/toughradius/v9/internal/radiusd/radsec_server.go:36.16,38.3 1 0
github.com/talkincode/toughradius/v9/internal/radiusd/radsec_server.go:39.2,39.49 1 0
github.com/talkincode/toughradius/v9/internal/radiusd/radsec_server.go:39.49,41.3 1 0
github.com/talkincode/toughradius/v9/internal/radiusd/radsec_server.go:42.2,42.12 1 0
github.com/talkincode/toughradius/v9/internal/radiusd/radsec_server.go:83.43,84.18 1 0
github.com/talkincode/toughradius/v9/internal/radiusd/radsec_server.go:84.18,89.3 4 0
github.com/talkincode/toughradius/v9/internal/radiusd/radsec_server.go:92.42,94.2 1 0
github.com/talkincode/toughradius/v9/internal/radiusd/radsec_server.go:96.43,97.47 1 0
github.com/talkincode/toughradius/v9/internal/radiusd/radsec_server.go:97.47,99.3 1 0
github.com/talkincode/toughradius/v9/internal/radiusd/radsec_server.go:102.73,110.16 3 0
github.com/talkincode/toughradius/v9/internal/radiusd/radsec_server.go:110.16,112.3 1 0
github.com/talkincode/toughradius/v9/internal/radiusd/radsec_server.go:114.2,116.48 3 0
github.com/talkincode/toughradius/v9/internal/radiusd/radsec_server.go:116.48,118.3 1 0
github.com/talkincode/toughradius/v9/internal/radiusd/radsec_server.go:120.2,121.16 2 0
github.com/talkincode/toughradius/v9/internal/radiusd/radsec_server.go:121.16,123.3 1 0
github.com/talkincode/toughradius/v9/internal/radiusd/radsec_server.go:125.2,132.20 3 0
github.com/talkincode/toughradius/v9/internal/radiusd/radsec_server.go:136.57,137.22 1 0
github.com/talkincode/toughradius/v9/internal/radiusd/radsec_server.go:137.22,139.3 1 0
github.com/talkincode/toughradius/v9/internal/radiusd/radsec_server.go:140.2,140.27 1 0
github.com/talkincode/toughradius/v9/internal/radiusd/radsec_server.go:140.27,142.3 1 0
github.com/talkincode/toughradius/v9/internal/radiusd/radsec_server.go:144.2,146.49 3 0
github.com/talkincode/toughradius/v9/internal/radiusd/radsec_server.go:146.49,149.3 2 0
github.com/talkincode/toughradius/v9/internal/radiusd/radsec_server.go:151.2,165.15 6 0
github.com/talkincode/toughradius/v9/internal/radiusd/radsec_server.go:165.15,168.29 3 0
github.com/talkincode/toughradius/v9/internal/radiusd/radsec_server.go:168.29,170.4 1 0
github.com/talkincode/toughradius/v9/internal/radiusd/radsec_server.go:171.3,172.17 2 0
github.com/talkincode/toughradius/v9/internal/radiusd/radsec_server.go:175.2,176.16 2 0
github.com/talkincode/toughradius/v9/internal/radiusd/radsec_server.go:176.16,179.3 2 0
github.com/talkincode/toughradius/v9/internal/radiusd/radsec_server.go:181.2,181.22 1 0
github.com/talkincode/toughradius/v9/internal/radiusd/radsec_server.go:181.22,184.3 2 0
github.com/talkincode/toughradius/v9/internal/radiusd/radsec_server.go:186.2,188.6 2 0
github.com/talkincode/toughradius/v9/internal/radiusd/radsec_server.go:188.6,190.17 2 0
github.com/talkincode/toughradius/v9/internal/radiusd/radsec_server.go:190.17,191.21 1 0
github.com/talkincode/toughradius/v9/internal/radiusd/radsec_server.go:191.21,194.5 2 0
github.com/talkincode/toughradius/v9/internal/radiusd/radsec_server.go:195.4,195.36 1 0
github.com/talkincode/toughradius/v9/internal/radiusd/radsec_server.go:195.36,198.5 2 0
github.com/talkincode/toughradius/v9/internal/radiusd/radsec_server.go:199.4,200.12 2 0
github.com/talkincode/toughradius/v9/internal/radiusd/radsec_server.go:203.3,204.49 2 0
github.com/talkincode/toughradius/v9/internal/radiusd/radsec_server.go:204.49,208.17 3 0
github.com/talkincode/toughradius/v9/internal/radiusd/radsec_server.go:208.17,208.35 1 0
github.com/talkincode/toughradius/v9/internal/radiusd/radsec_server.go:210.4,216.34 3 0
github.com/talkincode/toughradius/v9/internal/radiusd/radsec_server.go:216.34,219.5 2 0
github.com/talkincode/toughradius/v9/internal/radiusd/radsec_server.go:220.4,228.17 4 0
github.com/talkincode/toughradius/v9/internal/radiusd/radsec_server.go:228.17,232.5 3 0
github.com/talkincode/toughradius/v9/internal/radiusd/radsec_server.go:234.4,240.46 2 0
github.com/talkincode/toughradius/v9/internal/radiusd/radsec_server.go:246.98,248.16 2 0
github.com/talkincode/toughradius/v9/internal/radiusd/radsec_server.go:248.16,250.3 1 0
github.com/talkincode/toughradius/v9/internal/radiusd/radsec_server.go:252.2,259.31 2 0
github.com/talkincode/toughradius/v9/internal/radiusd/radsec_server.go:259.31,264.3 4 0
github.com/talkincode/toughradius/v9/internal/radiusd/radsec_server.go:266.2,266.23 1 0
github.com/talkincode/toughradius/v9/internal/radiusd/radsec_server.go:270.84,272.16 2 0
github.com/talkincode/toughradius/v9/internal/radiusd/radsec_server.go:272.16,274.3 1 0
github.com/talkincode/toughradius/v9/internal/radiusd/radsec_server.go:276.2,276.22 1 0
github.com/talkincode/toughradius/v9/internal/radiusd/radsec_server.go:276.22,278.3 1 0
github.com/talkincode/toughradius/v9/internal/radiusd/radsec_server.go:279.2,279.27 1 0
github.com/talkincode/toughradius/v9/internal/radiusd/radsec_server.go:279.27,281.3 1 0
github.com/talkincode/toughradius/v9/internal/radiusd/radsec_server.go:283.2,284.19 2 0
github.com/talkincode/toughradius/v9/internal/radiusd/radsec_server.go:284.19,286.3 1 0
github.com/talkincode/toughradius/v9/internal/radiusd/radsec_server.go:288.2,289.21 2 0
github.com/talkincode/toughradius/v9/internal/radiusd/radsec_server.go:289.21,291.3 1 0
github.com/talkincode/toughradius/v9/internal/radiusd/radsec_server.go:293.2,294.16 2 0
github.com/talkincode/toughradius/v9/internal/radiusd/radsec_server.go:294.16,296.3 1 0
github.com/talkincode/toughradius/v9/internal/radiusd/radsec_server.go:297.2,298.6 2 0
github.com/talkincode/toughradius/v9/internal/radiusd/radsec_server.go:298.6,300.17 2 0
github.com/talkincode/toughradius/v9/internal/radiusd/radsec_server.go:300.17,301.12 1 0
github.com/talkincode/toughradius/v9/internal/radiusd/radsec_server.go:303.3,303.19 1 0
github.com/talkincode/toughradius/v9/internal/radiusd/radsec_server.go:314.66,317.60 3 0
github.com/talkincode/toughradius/v9/internal/radiusd/radsec_server.go:317.60,318.37 1 0
github.com/talkincode/toughradius/v9/internal/radiusd/radsec_server.go:318.37,320.4 1 0
github.com/talkincode/toughradius/v9/internal/radiusd/radsec_server.go:322.3,323.17 2 0
github.com/talkincode/toughradius/v9/internal/radiusd/radsec_server.go:325.2,327.9 2 0
github.com/talkincode/toughradius/v9/internal/radiusd/radsec_server.go:328.22,329.13 1 0
github.com/talkincode/toughradius/v9/internal/radiusd/radsec_server.go:330.20,331.19 1 0
github.com/talkincode/toughradius/v9/internal/radiusd/radsec_service.go:16.96,18.2 1 0
github.com/talkincode/toughradius/v9/internal/radiusd/radsec_service.go:20.90,22.2 1 0
github.com/talkincode/toughradius/v9/internal/radiusd/radsec_service.go:24.81,25.16 1 0
github.com/talkincode/toughradius/v9/internal/radiusd/radsec_service.go:26.32,27.34 1 0
github.com/talkincode/toughradius/v9/internal/radiusd/radsec_service.go:28.36,29.34 1 0
github.com/talkincode/toughradius/v9/internal/radiusd/radsec_service.go:30.10,34.4 1 0
github.com/talkincode/toughradius/v9/internal/radiusd/server.go:11.80,13.26 2 1
github.com/talkincode/toughradius/v9/internal/radiusd/server.go:13.26,15.3 1 0
github.com/talkincode/toughradius/v9/internal/radiusd/server.go:16.2,24.32 3 1
github.com/talkincode/toughradius/v9/internal/radiusd/server.go:27.80,29.26 2 1
github.com/talkincode/toughradius/v9/internal/radiusd/server.go:29.26,31.3 1 0
github.com/talkincode/toughradius/v9/internal/radiusd/server.go:32.2,40.32 3 1
github.com/talkincode/toughradius/v9/internal/radiusd/server.go:43.78,45.26 2 0
github.com/talkincode/toughradius/v9/internal/radiusd/server.go:45.26,47.3 1 0
github.com/talkincode/toughradius/v9/internal/radiusd/server.go:48.2,62.16 7 0
github.com/talkincode/toughradius/v9/internal/radiusd/server.go:62.16,64.3 1 0
github.com/talkincode/toughradius/v9/internal/radiusd/server.go:65.2,65.12 1 0
github.com/talkincode/toughradius/v9/internal/radiusd/vendor_parse.go:18.52,22.18 4 1
github.com/talkincode/toughradius/v9/internal/radiusd/vendor_parse.go:22.18,24.3 1 1
github.com/talkincode/toughradius/v9/internal/radiusd/vendor_parse.go:26.2,26.18 1 1
github.com/talkincode/toughradius/v9/internal/radiusd/vendor_parse.go:26.18,28.21 2 1
github.com/talkincode/toughradius/v9/internal/radiusd/vendor_parse.go:28.21,30.4 1 1
github.com/talkincode/toughradius/v9/internal/radiusd/vendor_parse.go:32.2,32.25 1 1
github.com/talkincode/toughradius/v9/internal/radiusd/vendor_parse.go:36.90,39.9 2 1
github.com/talkincode/toughradius/v9/internal/radiusd/vendor_parse.go:39.9,46.10 3 0
github.com/talkincode/toughradius/v9/internal/radiusd/vendor_parse.go:46.10,52.4 2 0
github.com/talkincode/toughradius/v9/internal/radiusd/vendor_parse.go:56.2,57.16 2 1
github.com/talkincode/toughradius/v9/internal/radiusd/vendor_parse.go:57.16,64.3 2 0
github.com/talkincode/toughradius/v9/internal/radiusd/vendor_parse.go:67.2,71.3 1 1
