mode: atomic
github.com/talkincode/toughradius/v9/internal/freeradius/freeradius.go:16.53,21.2 3 1
github.com/talkincode/toughradius/v9/internal/freeradius/freeradius.go:23.69,28.2 3 1
github.com/talkincode/toughradius/v9/internal/freeradius/freeradius.go:30.65,32.2 1 1
github.com/talkincode/toughradius/v9/internal/freeradius/freeradius.go:34.53,37.2 2 3
github.com/talkincode/toughradius/v9/internal/freeradius/freeradius.go:39.45,43.2 3 4
github.com/talkincode/toughradius/v9/internal/freeradius/freeradius.go:45.46,49.2 3 4
github.com/talkincode/toughradius/v9/internal/freeradius/freeradius.go:52.50,55.16 3 14
github.com/talkincode/toughradius/v9/internal/freeradius/freeradius.go:55.16,57.3 1 14
github.com/talkincode/toughradius/v9/internal/freeradius/freeradius.go:58.2,85.20 4 0
github.com/talkincode/toughradius/v9/internal/freeradius/freeradius.go:86.52,87.28 1 0
github.com/talkincode/toughradius/v9/internal/freeradius/freeradius.go:87.28,95.4 2 0
github.com/talkincode/toughradius/v9/internal/freeradius/freeradius.go:95.9,99.4 1 0
github.com/talkincode/toughradius/v9/internal/freeradius/freeradius.go:101.3,102.18 2 0
github.com/talkincode/toughradius/v9/internal/freeradius/freeradius.go:102.18,107.4 2 0
github.com/talkincode/toughradius/v9/internal/freeradius/freeradius.go:107.9,114.4 2 0
github.com/talkincode/toughradius/v9/internal/freeradius/freeradius.go:115.14,146.40 3 0
github.com/talkincode/toughradius/v9/internal/freeradius/freeradius.go:147.41,148.48 1 0
github.com/talkincode/toughradius/v9/internal/freeradius/freeradius.go:151.2,151.12 1 0
github.com/talkincode/toughradius/v9/internal/freeradius/handlers.go:34.41,39.2 4 14
github.com/talkincode/toughradius/v9/internal/freeradius/handlers.go:55.70,61.16 5 2
github.com/talkincode/toughradius/v9/internal/freeradius/handlers.go:61.16,70.3 2 2
github.com/talkincode/toughradius/v9/internal/freeradius/handlers.go:73.2,73.36 1 0
github.com/talkincode/toughradius/v9/internal/freeradius/handlers.go:73.36,81.3 2 0
github.com/talkincode/toughradius/v9/internal/freeradius/handlers.go:83.2,85.35 2 0
github.com/talkincode/toughradius/v9/internal/freeradius/handlers.go:85.35,93.3 2 0
github.com/talkincode/toughradius/v9/internal/freeradius/handlers.go:97.2,98.16 2 0
github.com/talkincode/toughradius/v9/internal/freeradius/handlers.go:98.16,107.3 2 0
github.com/talkincode/toughradius/v9/internal/freeradius/handlers.go:108.2,109.61 2 0
github.com/talkincode/toughradius/v9/internal/freeradius/handlers.go:109.61,117.3 2 0
github.com/talkincode/toughradius/v9/internal/freeradius/handlers.go:120.2,131.62 10 0
github.com/talkincode/toughradius/v9/internal/freeradius/handlers.go:131.62,133.3 1 0
github.com/talkincode/toughradius/v9/internal/freeradius/handlers.go:133.8,133.45 1 0
github.com/talkincode/toughradius/v9/internal/freeradius/handlers.go:133.45,135.3 1 0
github.com/talkincode/toughradius/v9/internal/freeradius/handlers.go:137.2,145.36 2 0
github.com/talkincode/toughradius/v9/internal/freeradius/handlers.go:162.73,164.2 1 2
github.com/talkincode/toughradius/v9/internal/freeradius/handlers.go:167.69,169.2 1 1
github.com/talkincode/toughradius/v9/internal/freeradius/handlers.go:172.71,177.16 5 10
github.com/talkincode/toughradius/v9/internal/freeradius/handlers.go:177.16,184.3 1 10
github.com/talkincode/toughradius/v9/internal/freeradius/handlers.go:185.2,191.56 2 10
github.com/talkincode/toughradius/v9/internal/freeradius/server.go:22.21,26.2 3 0
github.com/talkincode/toughradius/v9/internal/freeradius/server.go:28.46,32.58 4 17
github.com/talkincode/toughradius/v9/internal/freeradius/server.go:32.58,33.37 1 0
github.com/talkincode/toughradius/v9/internal/freeradius/server.go:33.37,34.17 1 0
github.com/talkincode/toughradius/v9/internal/freeradius/server.go:34.17,35.33 1 0
github.com/talkincode/toughradius/v9/internal/freeradius/server.go:35.33,37.13 2 0
github.com/talkincode/toughradius/v9/internal/freeradius/server.go:37.13,39.7 1 0
github.com/talkincode/toughradius/v9/internal/freeradius/server.go:40.6,40.77 1 0
github.com/talkincode/toughradius/v9/internal/freeradius/server.go:43.4,43.18 1 0
github.com/talkincode/toughradius/v9/internal/freeradius/server.go:46.2,54.10 6 17
github.com/talkincode/toughradius/v9/internal/freeradius/server.go:58.42,61.16 3 0
github.com/talkincode/toughradius/v9/internal/freeradius/server.go:61.16,63.3 1 0
github.com/talkincode/toughradius/v9/internal/freeradius/server.go:64.2,64.12 1 0
